2016-08-25T19:15:07 - [Info] - Running CyPhyPET
2016-08-25T19:15:07 - [Debug] - === HEADER ===================================================
Date/Time:       8/25/2016 7:15:07 PM
Windows Version: Microsoft Windows NT 6.2.9200.0
x64 bit OS:      True
GME version:     16.3.23.2581
META version:    14.13.68
META install:    C:\Program Files (x86)\META\
CyPhyML version: 14.13-t8
CyPhyML GUID:    {9088E798-8A24-4B44-B98E-D5C7C1792C2F}
Python Dll:      UNKNOWN
Python Exe:      UNKNOWN
Python27 VE exe: C:\Program Files (x86)\META\bin\Python27\Scripts\python.exe
PROE ISIS Ext. : C:\Program Files\META\Proe ISIS Extensions\bin\CADCreoParametricCreateAssembly.exe
PROE ISIS ver. : CADCreoParametricCreateAssembly 1.5.4.0
Username:        ted
Currently opened paradigm information
  MetaName    : CyPhyML
  MetaVersion : 14.13-t8

2016-08-25T19:15:07 - [Debug] - === HEADER ===================================================
Date/Time:       8/25/2016 7:15:07 PM
Windows Version: Microsoft Windows NT 6.2.9200.0
x64 bit OS:      True
GME version:     16.3.23.2581
META version:    14.13.68
META install:    C:\Program Files (x86)\META\
CyPhyML version: 14.13-t8
CyPhyML GUID:    {9088E798-8A24-4B44-B98E-D5C7C1792C2F}
Python Dll:      UNKNOWN
Python Exe:      UNKNOWN
Python27 VE exe: C:\Program Files (x86)\META\bin\Python27\Scripts\python.exe
PROE ISIS Ext. : C:\Program Files\META\Proe ISIS Extensions\bin\CADCreoParametricCreateAssembly.exe
PROE ISIS ver. : CADCreoParametricCreateAssembly 1.5.4.0
Username:        ted
Currently opened paradigm information
  MetaName    : CyPhyML
  MetaVersion : 14.13-t8

2016-08-25T19:15:07 - [Debug] - Configuration : OK
2016-08-25T19:15:07 - [Info] - DC__Spacecraft_cfg1 [ParametricExploration]
2016-08-25T19:15:07 - [Debug] - Checking rules...
2016-08-25T19:15:07 - [Success] - <a href="mga:id-0065-0000956d">RootFolder/Testing/ParametricExploration/PerformanceStudy TemporaryFolder/DC__Spacecraft_cfg1 (not mapped)</a> : OneAndOnlyOneDriver - There should be one and only one driver.
2016-08-25T19:15:07 - [Success] - <a href="mga:id-0065-0000956d">RootFolder/Testing/ParametricExploration/PerformanceStudy TemporaryFolder/DC__Spacecraft_cfg1 (not mapped)</a> : UniqueTestBenchRefNames - TestBenchReferences should have unique names
2016-08-25T19:15:07 - [Success] - <a href="mga:id-0067-00008e6d">RootFolder/Testing/ParametricExploration/PerformanceStudy TemporaryFolder/DC__Spacecraft_cfg1/ExtractModelProps (not mapped)</a> : TestBenchCorrectlySetUp - Basic rules for the test-bench reference checked.
2016-08-25T19:15:07 - [Success] - <a href="mga:id-0067-00008e6c">RootFolder/Testing/ParametricExploration/PerformanceStudy TemporaryFolder/DC__Spacecraft_cfg1/Dynamics (not mapped)</a> : TestBenchCorrectlySetUp - Basic rules for the test-bench reference checked.
2016-08-25T19:15:07 - [Success] - <a href="mga:id-0065-0000956e">RootFolder/Testing/ParametricExploration/PerformanceStudy TemporaryFolder/DC__Spacecraft_cfg1/ParameterStudy (not mapped)</a> : ParameterStudySetUpCorrectly - Checks rules for a ParameterStudy
2016-08-25T19:15:07 - [Debug] - PET check : OK
2016-08-25T19:15:07 - [Debug] - Errors: 0, Warnings: 0, Successes : 5
2016-08-25T19:15:09 - [Debug] - Interpreter successful :  : OK
2016-08-25T19:15:09 - [Debug] - CyPhyPython on 'DC__Spacecraft_cfg1' failed: System.Runtime.InteropServices.COMException (0x80004005): Error HRESULT E_FAIL has been returned from a call to a COM component.
   at GME.MGA.IMgaComponentEx.InvokeEx(MgaProject Project, MgaFCO currentobj, MgaFCOs selectedobjs, Int32 param)
   at META.ComComponent.Main()
   at CyPhyPET.CyPhyPETInterpreter.CallCyPhyPython(TestBenchType testBench, String outputDirName)
2016-08-25T19:15:09 - [Debug] - Interpreter successful :  : FAILED
2016-08-25T19:15:09 - [Error] - TestBench ExtractModelProps failed
2016-08-25T19:15:09 - [Debug] - ======================================================
2016-08-25T19:15:09 - [Debug] - Start time: 8/25/2016 7:14:44 PM
2016-08-25T19:15:09 - [Debug] - Configuration = 00:00:22.9487169
2016-08-25T19:15:09 - [Debug] - PET check = 00:00:22.9799832
2016-08-25T19:15:09 - [Debug] - Interpreter successful :  = 00:00:24.2172671
2016-08-25T19:15:09 - [Debug] - Interpreter successful :  = 00:00:24.5352612
2016-08-25T19:15:09 - [Debug] - ======================================================
2016-08-25T19:15:09 - [Error] - PET Interpreter failed! See error messages above.
2016-08-25T19:15:10 - [Info] - Running CyPhyPET
2016-08-25T19:15:10 - [Debug] - === HEADER ===================================================
Date/Time:       8/25/2016 7:15:10 PM
Windows Version: Microsoft Windows NT 6.2.9200.0
x64 bit OS:      True
GME version:     16.3.23.2581
META version:    14.13.68
META install:    C:\Program Files (x86)\META\
CyPhyML version: 14.13-t8
CyPhyML GUID:    {9088E798-8A24-4B44-B98E-D5C7C1792C2F}
Python Dll:      UNKNOWN
Python Exe:      UNKNOWN
Python27 VE exe: C:\Program Files (x86)\META\bin\Python27\Scripts\python.exe
PROE ISIS Ext. : C:\Program Files\META\Proe ISIS Extensions\bin\CADCreoParametricCreateAssembly.exe
PROE ISIS ver. : CADCreoParametricCreateAssembly 1.5.4.0
Username:        ted
Currently opened paradigm information
  MetaName    : CyPhyML
  MetaVersion : 14.13-t8

2016-08-25T19:15:10 - [Debug] - === HEADER ===================================================
Date/Time:       8/25/2016 7:15:10 PM
Windows Version: Microsoft Windows NT 6.2.9200.0
x64 bit OS:      True
GME version:     16.3.23.2581
META version:    14.13.68
META install:    C:\Program Files (x86)\META\
CyPhyML version: 14.13-t8
CyPhyML GUID:    {9088E798-8A24-4B44-B98E-D5C7C1792C2F}
Python Dll:      UNKNOWN
Python Exe:      UNKNOWN
Python27 VE exe: C:\Program Files (x86)\META\bin\Python27\Scripts\python.exe
PROE ISIS Ext. : C:\Program Files\META\Proe ISIS Extensions\bin\CADCreoParametricCreateAssembly.exe
PROE ISIS ver. : CADCreoParametricCreateAssembly 1.5.4.0
Username:        ted
Currently opened paradigm information
  MetaName    : CyPhyML
  MetaVersion : 14.13-t8

2016-08-25T19:15:10 - [Debug] - Configuration : OK
2016-08-25T19:15:10 - [Info] - DC__Spacecraft_cfg2 [ParametricExploration]
2016-08-25T19:15:10 - [Debug] - Checking rules...
2016-08-25T19:15:10 - [Success] - <a href="mga:id-0065-000096be">RootFolder/Testing/ParametricExploration/PerformanceStudy TemporaryFolder/DC__Spacecraft_cfg2 (not mapped)</a> : OneAndOnlyOneDriver - There should be one and only one driver.
2016-08-25T19:15:10 - [Success] - <a href="mga:id-0065-000096be">RootFolder/Testing/ParametricExploration/PerformanceStudy TemporaryFolder/DC__Spacecraft_cfg2 (not mapped)</a> : UniqueTestBenchRefNames - TestBenchReferences should have unique names
2016-08-25T19:15:10 - [Success] - <a href="mga:id-0067-00008f08">RootFolder/Testing/ParametricExploration/PerformanceStudy TemporaryFolder/DC__Spacecraft_cfg2/ExtractModelProps (not mapped)</a> : TestBenchCorrectlySetUp - Basic rules for the test-bench reference checked.
2016-08-25T19:15:10 - [Success] - <a href="mga:id-0067-00008f07">RootFolder/Testing/ParametricExploration/PerformanceStudy TemporaryFolder/DC__Spacecraft_cfg2/Dynamics (not mapped)</a> : TestBenchCorrectlySetUp - Basic rules for the test-bench reference checked.
2016-08-25T19:15:10 - [Success] - <a href="mga:id-0065-000096bf">RootFolder/Testing/ParametricExploration/PerformanceStudy TemporaryFolder/DC__Spacecraft_cfg2/ParameterStudy (not mapped)</a> : ParameterStudySetUpCorrectly - Checks rules for a ParameterStudy
2016-08-25T19:15:10 - [Debug] - PET check : OK
2016-08-25T19:15:10 - [Debug] - Errors: 0, Warnings: 0, Successes : 5
2016-08-25T19:15:12 - [Debug] - Interpreter successful :  : OK
2016-08-25T19:15:12 - [Debug] - CyPhyPython on 'DC__Spacecraft_cfg2' failed: System.Runtime.InteropServices.COMException (0x80004005): Error HRESULT E_FAIL has been returned from a call to a COM component.
   at GME.MGA.IMgaComponentEx.InvokeEx(MgaProject Project, MgaFCO currentobj, MgaFCOs selectedobjs, Int32 param)
   at META.ComComponent.Main()
   at CyPhyPET.CyPhyPETInterpreter.CallCyPhyPython(TestBenchType testBench, String outputDirName)
2016-08-25T19:15:12 - [Debug] - Interpreter successful :  : FAILED
2016-08-25T19:15:12 - [Error] - TestBench ExtractModelProps failed
2016-08-25T19:15:12 - [Debug] - ======================================================
2016-08-25T19:15:12 - [Debug] - Start time: 8/25/2016 7:15:10 PM
2016-08-25T19:15:12 - [Debug] - Configuration = 00:00:00.3003778
2016-08-25T19:15:12 - [Debug] - PET check = 00:00:00.3160038
2016-08-25T19:15:12 - [Debug] - Interpreter successful :  = 00:00:01.5654541
2016-08-25T19:15:12 - [Debug] - Interpreter successful :  = 00:00:01.6501084
2016-08-25T19:15:12 - [Debug] - ======================================================
2016-08-25T19:15:12 - [Error] - PET Interpreter failed! See error messages above.
2016-08-25T19:15:13 - [Info] - Running CyPhyPET
2016-08-25T19:15:13 - [Debug] - === HEADER ===================================================
Date/Time:       8/25/2016 7:15:13 PM
Windows Version: Microsoft Windows NT 6.2.9200.0
x64 bit OS:      True
GME version:     16.3.23.2581
META version:    14.13.68
META install:    C:\Program Files (x86)\META\
CyPhyML version: 14.13-t8
CyPhyML GUID:    {9088E798-8A24-4B44-B98E-D5C7C1792C2F}
Python Dll:      UNKNOWN
Python Exe:      UNKNOWN
Python27 VE exe: C:\Program Files (x86)\META\bin\Python27\Scripts\python.exe
PROE ISIS Ext. : C:\Program Files\META\Proe ISIS Extensions\bin\CADCreoParametricCreateAssembly.exe
PROE ISIS ver. : CADCreoParametricCreateAssembly 1.5.4.0
Username:        ted
Currently opened paradigm information
  MetaName    : CyPhyML
  MetaVersion : 14.13-t8

2016-08-25T19:15:13 - [Debug] - === HEADER ===================================================
Date/Time:       8/25/2016 7:15:13 PM
Windows Version: Microsoft Windows NT 6.2.9200.0
x64 bit OS:      True
GME version:     16.3.23.2581
META version:    14.13.68
META install:    C:\Program Files (x86)\META\
CyPhyML version: 14.13-t8
CyPhyML GUID:    {9088E798-8A24-4B44-B98E-D5C7C1792C2F}
Python Dll:      UNKNOWN
Python Exe:      UNKNOWN
Python27 VE exe: C:\Program Files (x86)\META\bin\Python27\Scripts\python.exe
PROE ISIS Ext. : C:\Program Files\META\Proe ISIS Extensions\bin\CADCreoParametricCreateAssembly.exe
PROE ISIS ver. : CADCreoParametricCreateAssembly 1.5.4.0
Username:        ted
Currently opened paradigm information
  MetaName    : CyPhyML
  MetaVersion : 14.13-t8

2016-08-25T19:15:13 - [Debug] - Configuration : OK
2016-08-25T19:15:13 - [Info] - DC__Spacecraft_cfg3 [ParametricExploration]
2016-08-25T19:15:13 - [Debug] - Checking rules...
2016-08-25T19:15:13 - [Success] - <a href="mga:id-0065-0000980f">RootFolder/Testing/ParametricExploration/PerformanceStudy TemporaryFolder/DC__Spacecraft_cfg3 (not mapped)</a> : OneAndOnlyOneDriver - There should be one and only one driver.
2016-08-25T19:15:13 - [Success] - <a href="mga:id-0065-0000980f">RootFolder/Testing/ParametricExploration/PerformanceStudy TemporaryFolder/DC__Spacecraft_cfg3 (not mapped)</a> : UniqueTestBenchRefNames - TestBenchReferences should have unique names
2016-08-25T19:15:13 - [Success] - <a href="mga:id-0067-00008fa3">RootFolder/Testing/ParametricExploration/PerformanceStudy TemporaryFolder/DC__Spacecraft_cfg3/ExtractModelProps (not mapped)</a> : TestBenchCorrectlySetUp - Basic rules for the test-bench reference checked.
2016-08-25T19:15:13 - [Success] - <a href="mga:id-0067-00008fa2">RootFolder/Testing/ParametricExploration/PerformanceStudy TemporaryFolder/DC__Spacecraft_cfg3/Dynamics (not mapped)</a> : TestBenchCorrectlySetUp - Basic rules for the test-bench reference checked.
2016-08-25T19:15:13 - [Success] - <a href="mga:id-0065-00009810">RootFolder/Testing/ParametricExploration/PerformanceStudy TemporaryFolder/DC__Spacecraft_cfg3/ParameterStudy (not mapped)</a> : ParameterStudySetUpCorrectly - Checks rules for a ParameterStudy
2016-08-25T19:15:13 - [Debug] - PET check : OK
2016-08-25T19:15:13 - [Debug] - Errors: 0, Warnings: 0, Successes : 5
2016-08-25T19:15:14 - [Debug] - Interpreter successful :  : OK
2016-08-25T19:15:14 - [Debug] - CyPhyPython on 'DC__Spacecraft_cfg3' failed: System.Runtime.InteropServices.COMException (0x80004005): Error HRESULT E_FAIL has been returned from a call to a COM component.
   at GME.MGA.IMgaComponentEx.InvokeEx(MgaProject Project, MgaFCO currentobj, MgaFCOs selectedobjs, Int32 param)
   at META.ComComponent.Main()
   at CyPhyPET.CyPhyPETInterpreter.CallCyPhyPython(TestBenchType testBench, String outputDirName)
2016-08-25T19:15:14 - [Debug] - Interpreter successful :  : FAILED
2016-08-25T19:15:14 - [Error] - TestBench ExtractModelProps failed
2016-08-25T19:15:15 - [Debug] - ======================================================
2016-08-25T19:15:15 - [Debug] - Start time: 8/25/2016 7:15:13 PM
2016-08-25T19:15:15 - [Debug] - Configuration = 00:00:00.3003714
2016-08-25T19:15:15 - [Debug] - PET check = 00:00:00.3003714
2016-08-25T19:15:15 - [Debug] - Interpreter successful :  = 00:00:01.5577930
2016-08-25T19:15:15 - [Debug] - Interpreter successful :  = 00:00:01.6424433
2016-08-25T19:15:15 - [Debug] - ======================================================
2016-08-25T19:15:15 - [Error] - PET Interpreter failed! See error messages above.
2016-08-25T19:30:23 - [Info] - Running CyPhyPET
2016-08-25T19:30:24 - [Debug] - === HEADER ===================================================
Date/Time:       8/25/2016 7:30:23 PM
Windows Version: Microsoft Windows NT 6.2.9200.0
x64 bit OS:      True
GME version:     16.3.23.2581
META version:    14.13.68
META install:    C:\Program Files (x86)\META\
CyPhyML version: 14.13-t8
CyPhyML GUID:    {9088E798-8A24-4B44-B98E-D5C7C1792C2F}
Python Dll:      UNKNOWN
Python Exe:      UNKNOWN
Python27 VE exe: C:\Program Files (x86)\META\bin\Python27\Scripts\python.exe
PROE ISIS Ext. : C:\Program Files\META\Proe ISIS Extensions\bin\CADCreoParametricCreateAssembly.exe
PROE ISIS ver. : CADCreoParametricCreateAssembly 1.5.4.0
Username:        ted
Currently opened paradigm information
  MetaName    : CyPhyML
  MetaVersion : 14.13-t8

2016-08-25T19:30:24 - [Debug] - === HEADER ===================================================
Date/Time:       8/25/2016 7:30:24 PM
Windows Version: Microsoft Windows NT 6.2.9200.0
x64 bit OS:      True
GME version:     16.3.23.2581
META version:    14.13.68
META install:    C:\Program Files (x86)\META\
CyPhyML version: 14.13-t8
CyPhyML GUID:    {9088E798-8A24-4B44-B98E-D5C7C1792C2F}
Python Dll:      UNKNOWN
Python Exe:      UNKNOWN
Python27 VE exe: C:\Program Files (x86)\META\bin\Python27\Scripts\python.exe
PROE ISIS Ext. : C:\Program Files\META\Proe ISIS Extensions\bin\CADCreoParametricCreateAssembly.exe
PROE ISIS ver. : CADCreoParametricCreateAssembly 1.5.4.0
Username:        ted
Currently opened paradigm information
  MetaName    : CyPhyML
  MetaVersion : 14.13-t8

2016-08-25T19:30:24 - [Debug] - Configuration : OK
2016-08-25T19:30:24 - [Info] - DC__Spacecraft_cfg1 [ParametricExploration]
2016-08-25T19:30:24 - [Debug] - Checking rules...
2016-08-25T19:30:24 - [Success] - <a href="mga:id-0065-00009969">RootFolder/Testing/ParametricExploration/PerformanceStudy TemporaryFolder/DC__Spacecraft_cfg1 (not mapped)</a> : OneAndOnlyOneDriver - There should be one and only one driver.
2016-08-25T19:30:24 - [Success] - <a href="mga:id-0065-00009969">RootFolder/Testing/ParametricExploration/PerformanceStudy TemporaryFolder/DC__Spacecraft_cfg1 (not mapped)</a> : UniqueTestBenchRefNames - TestBenchReferences should have unique names
2016-08-25T19:30:24 - [Success] - <a href="mga:id-0067-00009054">RootFolder/Testing/ParametricExploration/PerformanceStudy TemporaryFolder/DC__Spacecraft_cfg1/ExtractModelProps (not mapped)</a> : TestBenchCorrectlySetUp - Basic rules for the test-bench reference checked.
2016-08-25T19:30:24 - [Success] - <a href="mga:id-0067-00009053">RootFolder/Testing/ParametricExploration/PerformanceStudy TemporaryFolder/DC__Spacecraft_cfg1/Dynamics (not mapped)</a> : TestBenchCorrectlySetUp - Basic rules for the test-bench reference checked.
2016-08-25T19:30:24 - [Success] - <a href="mga:id-0065-0000996a">RootFolder/Testing/ParametricExploration/PerformanceStudy TemporaryFolder/DC__Spacecraft_cfg1/ParameterStudy (not mapped)</a> : ParameterStudySetUpCorrectly - Checks rules for a ParameterStudy
2016-08-25T19:30:24 - [Debug] - PET check : OK
2016-08-25T19:30:24 - [Debug] - Errors: 0, Warnings: 0, Successes : 5
2016-08-25T19:30:26 - [Debug] - Interpreter successful :  : OK
2016-08-25T19:30:26 - [Debug] - CyPhyPython on 'DC__Spacecraft_cfg1' failed: System.Runtime.InteropServices.COMException (0x80004005): Error HRESULT E_FAIL has been returned from a call to a COM component.
   at GME.MGA.IMgaComponentEx.InvokeEx(MgaProject Project, MgaFCO currentobj, MgaFCOs selectedobjs, Int32 param)
   at META.ComComponent.Main()
   at CyPhyPET.CyPhyPETInterpreter.CallCyPhyPython(TestBenchType testBench, String outputDirName)
2016-08-25T19:30:26 - [Debug] - Interpreter successful :  : FAILED
2016-08-25T19:30:26 - [Error] - TestBench ExtractModelProps failed
2016-08-25T19:30:27 - [Debug] - ======================================================
2016-08-25T19:30:27 - [Debug] - Start time: 8/25/2016 7:30:01 PM
2016-08-25T19:30:27 - [Debug] - Configuration = 00:00:22.9062605
2016-08-25T19:30:27 - [Debug] - PET check = 00:00:22.9062605
2016-08-25T19:30:27 - [Debug] - Interpreter successful :  = 00:00:24.6597412
2016-08-25T19:30:27 - [Debug] - Interpreter successful :  = 00:00:24.8754652
2016-08-25T19:30:27 - [Debug] - ======================================================
2016-08-25T19:30:27 - [Error] - PET Interpreter failed! See error messages above.
2016-08-25T19:30:28 - [Info] - Running CyPhyPET
2016-08-25T19:30:29 - [Debug] - === HEADER ===================================================
Date/Time:       8/25/2016 7:30:28 PM
Windows Version: Microsoft Windows NT 6.2.9200.0
x64 bit OS:      True
GME version:     16.3.23.2581
META version:    14.13.68
META install:    C:\Program Files (x86)\META\
CyPhyML version: 14.13-t8
CyPhyML GUID:    {9088E798-8A24-4B44-B98E-D5C7C1792C2F}
Python Dll:      UNKNOWN
Python Exe:      UNKNOWN
Python27 VE exe: C:\Program Files (x86)\META\bin\Python27\Scripts\python.exe
PROE ISIS Ext. : C:\Program Files\META\Proe ISIS Extensions\bin\CADCreoParametricCreateAssembly.exe
PROE ISIS ver. : CADCreoParametricCreateAssembly 1.5.4.0
Username:        ted
Currently opened paradigm information
  MetaName    : CyPhyML
  MetaVersion : 14.13-t8

2016-08-25T19:30:29 - [Debug] - === HEADER ===================================================
Date/Time:       8/25/2016 7:30:29 PM
Windows Version: Microsoft Windows NT 6.2.9200.0
x64 bit OS:      True
GME version:     16.3.23.2581
META version:    14.13.68
META install:    C:\Program Files (x86)\META\
CyPhyML version: 14.13-t8
CyPhyML GUID:    {9088E798-8A24-4B44-B98E-D5C7C1792C2F}
Python Dll:      UNKNOWN
Python Exe:      UNKNOWN
Python27 VE exe: C:\Program Files (x86)\META\bin\Python27\Scripts\python.exe
PROE ISIS Ext. : C:\Program Files\META\Proe ISIS Extensions\bin\CADCreoParametricCreateAssembly.exe
PROE ISIS ver. : CADCreoParametricCreateAssembly 1.5.4.0
Username:        ted
Currently opened paradigm information
  MetaName    : CyPhyML
  MetaVersion : 14.13-t8

2016-08-25T19:30:29 - [Debug] - Configuration : OK
2016-08-25T19:30:29 - [Info] - DC__Spacecraft_cfg2 [ParametricExploration]
2016-08-25T19:30:29 - [Debug] - Checking rules...
2016-08-25T19:30:29 - [Success] - <a href="mga:id-0065-00009aba">RootFolder/Testing/ParametricExploration/PerformanceStudy TemporaryFolder/DC__Spacecraft_cfg2 (not mapped)</a> : OneAndOnlyOneDriver - There should be one and only one driver.
2016-08-25T19:30:29 - [Success] - <a href="mga:id-0065-00009aba">RootFolder/Testing/ParametricExploration/PerformanceStudy TemporaryFolder/DC__Spacecraft_cfg2 (not mapped)</a> : UniqueTestBenchRefNames - TestBenchReferences should have unique names
2016-08-25T19:30:29 - [Success] - <a href="mga:id-0067-000090ef">RootFolder/Testing/ParametricExploration/PerformanceStudy TemporaryFolder/DC__Spacecraft_cfg2/ExtractModelProps (not mapped)</a> : TestBenchCorrectlySetUp - Basic rules for the test-bench reference checked.
2016-08-25T19:30:29 - [Success] - <a href="mga:id-0067-000090ee">RootFolder/Testing/ParametricExploration/PerformanceStudy TemporaryFolder/DC__Spacecraft_cfg2/Dynamics (not mapped)</a> : TestBenchCorrectlySetUp - Basic rules for the test-bench reference checked.
2016-08-25T19:30:29 - [Success] - <a href="mga:id-0065-00009abb">RootFolder/Testing/ParametricExploration/PerformanceStudy TemporaryFolder/DC__Spacecraft_cfg2/ParameterStudy (not mapped)</a> : ParameterStudySetUpCorrectly - Checks rules for a ParameterStudy
2016-08-25T19:30:29 - [Debug] - PET check : OK
2016-08-25T19:30:29 - [Debug] - Errors: 0, Warnings: 0, Successes : 5
2016-08-25T19:30:31 - [Debug] - Interpreter successful :  : OK
2016-08-25T19:30:31 - [Debug] - CyPhyPython on 'DC__Spacecraft_cfg2' failed: System.Runtime.InteropServices.COMException (0x80004005): Error HRESULT E_FAIL has been returned from a call to a COM component.
   at GME.MGA.IMgaComponentEx.InvokeEx(MgaProject Project, MgaFCO currentobj, MgaFCOs selectedobjs, Int32 param)
   at META.ComComponent.Main()
   at CyPhyPET.CyPhyPETInterpreter.CallCyPhyPython(TestBenchType testBench, String outputDirName)
2016-08-25T19:30:31 - [Debug] - Interpreter successful :  : FAILED
2016-08-25T19:30:31 - [Error] - TestBench ExtractModelProps failed
2016-08-25T19:30:31 - [Debug] - ======================================================
2016-08-25T19:30:31 - [Debug] - Start time: 8/25/2016 7:30:28 PM
2016-08-25T19:30:31 - [Debug] - Configuration = 00:00:00.9823990
2016-08-25T19:30:31 - [Debug] - PET check = 00:00:00.9823990
2016-08-25T19:30:31 - [Debug] - Interpreter successful :  = 00:00:02.7210982
2016-08-25T19:30:31 - [Debug] - Interpreter successful :  = 00:00:02.8770785
2016-08-25T19:30:31 - [Debug] - ======================================================
2016-08-25T19:30:31 - [Error] - PET Interpreter failed! See error messages above.
2016-08-25T19:30:33 - [Info] - Running CyPhyPET
2016-08-25T19:30:33 - [Debug] - === HEADER ===================================================
Date/Time:       8/25/2016 7:30:33 PM
Windows Version: Microsoft Windows NT 6.2.9200.0
x64 bit OS:      True
GME version:     16.3.23.2581
META version:    14.13.68
META install:    C:\Program Files (x86)\META\
CyPhyML version: 14.13-t8
CyPhyML GUID:    {9088E798-8A24-4B44-B98E-D5C7C1792C2F}
Python Dll:      UNKNOWN
Python Exe:      UNKNOWN
Python27 VE exe: C:\Program Files (x86)\META\bin\Python27\Scripts\python.exe
PROE ISIS Ext. : C:\Program Files\META\Proe ISIS Extensions\bin\CADCreoParametricCreateAssembly.exe
PROE ISIS ver. : CADCreoParametricCreateAssembly 1.5.4.0
Username:        ted
Currently opened paradigm information
  MetaName    : CyPhyML
  MetaVersion : 14.13-t8

2016-08-25T19:30:34 - [Debug] - === HEADER ===================================================
Date/Time:       8/25/2016 7:30:33 PM
Windows Version: Microsoft Windows NT 6.2.9200.0
x64 bit OS:      True
GME version:     16.3.23.2581
META version:    14.13.68
META install:    C:\Program Files (x86)\META\
CyPhyML version: 14.13-t8
CyPhyML GUID:    {9088E798-8A24-4B44-B98E-D5C7C1792C2F}
Python Dll:      UNKNOWN
Python Exe:      UNKNOWN
Python27 VE exe: C:\Program Files (x86)\META\bin\Python27\Scripts\python.exe
PROE ISIS Ext. : C:\Program Files\META\Proe ISIS Extensions\bin\CADCreoParametricCreateAssembly.exe
PROE ISIS ver. : CADCreoParametricCreateAssembly 1.5.4.0
Username:        ted
Currently opened paradigm information
  MetaName    : CyPhyML
  MetaVersion : 14.13-t8

2016-08-25T19:30:34 - [Debug] - Configuration : OK
2016-08-25T19:30:34 - [Info] - DC__Spacecraft_cfg3 [ParametricExploration]
2016-08-25T19:30:34 - [Debug] - Checking rules...
2016-08-25T19:30:34 - [Success] - <a href="mga:id-0065-00009c0b">RootFolder/Testing/ParametricExploration/PerformanceStudy TemporaryFolder/DC__Spacecraft_cfg3 (not mapped)</a> : OneAndOnlyOneDriver - There should be one and only one driver.
2016-08-25T19:30:34 - [Success] - <a href="mga:id-0065-00009c0b">RootFolder/Testing/ParametricExploration/PerformanceStudy TemporaryFolder/DC__Spacecraft_cfg3 (not mapped)</a> : UniqueTestBenchRefNames - TestBenchReferences should have unique names
2016-08-25T19:30:34 - [Success] - <a href="mga:id-0067-0000918a">RootFolder/Testing/ParametricExploration/PerformanceStudy TemporaryFolder/DC__Spacecraft_cfg3/ExtractModelProps (not mapped)</a> : TestBenchCorrectlySetUp - Basic rules for the test-bench reference checked.
2016-08-25T19:30:34 - [Success] - <a href="mga:id-0067-00009189">RootFolder/Testing/ParametricExploration/PerformanceStudy TemporaryFolder/DC__Spacecraft_cfg3/Dynamics (not mapped)</a> : TestBenchCorrectlySetUp - Basic rules for the test-bench reference checked.
2016-08-25T19:30:34 - [Success] - <a href="mga:id-0065-00009c0c">RootFolder/Testing/ParametricExploration/PerformanceStudy TemporaryFolder/DC__Spacecraft_cfg3/ParameterStudy (not mapped)</a> : ParameterStudySetUpCorrectly - Checks rules for a ParameterStudy
2016-08-25T19:30:34 - [Debug] - PET check : OK
2016-08-25T19:30:34 - [Debug] - Errors: 0, Warnings: 0, Successes : 5
2016-08-25T19:30:35 - [Debug] - Interpreter successful :  : OK
2016-08-25T19:30:36 - [Debug] - CyPhyPython on 'DC__Spacecraft_cfg3' failed: System.Runtime.InteropServices.COMException (0x80004005): Error HRESULT E_FAIL has been returned from a call to a COM component.
   at GME.MGA.IMgaComponentEx.InvokeEx(MgaProject Project, MgaFCO currentobj, MgaFCOs selectedobjs, Int32 param)
   at META.ComComponent.Main()
   at CyPhyPET.CyPhyPETInterpreter.CallCyPhyPython(TestBenchType testBench, String outputDirName)
2016-08-25T19:30:36 - [Debug] - Interpreter successful :  : FAILED
2016-08-25T19:30:36 - [Error] - TestBench ExtractModelProps failed
2016-08-25T19:30:36 - [Debug] - ======================================================
2016-08-25T19:30:36 - [Debug] - Start time: 8/25/2016 7:30:33 PM
2016-08-25T19:30:36 - [Debug] - Configuration = 00:00:01.0116201
2016-08-25T19:30:36 - [Debug] - PET check = 00:00:01.0116201
2016-08-25T19:30:36 - [Debug] - Interpreter successful :  = 00:00:02.7975454
2016-08-25T19:30:36 - [Debug] - Interpreter successful :  = 00:00:02.9447160
2016-08-25T19:30:36 - [Debug] - ======================================================
2016-08-25T19:30:36 - [Error] - PET Interpreter failed! See error messages above.
2016-08-25T19:33:14 - [Info] - Running CyPhyPET
2016-08-25T19:33:15 - [Debug] - === HEADER ===================================================
Date/Time:       8/25/2016 7:33:14 PM
Windows Version: Microsoft Windows NT 6.2.9200.0
x64 bit OS:      True
GME version:     16.3.23.2581
META version:    14.13.68
META install:    C:\Program Files (x86)\META\
CyPhyML version: 14.13-t8
CyPhyML GUID:    {9088E798-8A24-4B44-B98E-D5C7C1792C2F}
Python Dll:      UNKNOWN
Python Exe:      UNKNOWN
Python27 VE exe: C:\Program Files (x86)\META\bin\Python27\Scripts\python.exe
PROE ISIS Ext. : C:\Program Files\META\Proe ISIS Extensions\bin\CADCreoParametricCreateAssembly.exe
PROE ISIS ver. : CADCreoParametricCreateAssembly 1.5.4.0
Username:        ted
Currently opened paradigm information
  MetaName    : CyPhyML
  MetaVersion : 14.13-t8

2016-08-25T19:33:15 - [Debug] - === HEADER ===================================================
Date/Time:       8/25/2016 7:33:15 PM
Windows Version: Microsoft Windows NT 6.2.9200.0
x64 bit OS:      True
GME version:     16.3.23.2581
META version:    14.13.68
META install:    C:\Program Files (x86)\META\
CyPhyML version: 14.13-t8
CyPhyML GUID:    {9088E798-8A24-4B44-B98E-D5C7C1792C2F}
Python Dll:      UNKNOWN
Python Exe:      UNKNOWN
Python27 VE exe: C:\Program Files (x86)\META\bin\Python27\Scripts\python.exe
PROE ISIS Ext. : C:\Program Files\META\Proe ISIS Extensions\bin\CADCreoParametricCreateAssembly.exe
PROE ISIS ver. : CADCreoParametricCreateAssembly 1.5.4.0
Username:        ted
Currently opened paradigm information
  MetaName    : CyPhyML
  MetaVersion : 14.13-t8

2016-08-25T19:33:15 - [Debug] - Configuration : OK
2016-08-25T19:33:15 - [Info] - DC__Spacecraft_cfg1 [ParametricExploration]
2016-08-25T19:33:15 - [Debug] - Checking rules...
2016-08-25T19:33:15 - [Success] - <a href="mga:id-0065-00009d67">RootFolder/Testing/ParametricExploration/PerformanceStudy TemporaryFolder/DC__Spacecraft_cfg1 (not mapped)</a> : OneAndOnlyOneDriver - There should be one and only one driver.
2016-08-25T19:33:15 - [Success] - <a href="mga:id-0065-00009d67">RootFolder/Testing/ParametricExploration/PerformanceStudy TemporaryFolder/DC__Spacecraft_cfg1 (not mapped)</a> : UniqueTestBenchRefNames - TestBenchReferences should have unique names
2016-08-25T19:33:15 - [Success] - <a href="mga:id-0065-00009d68">RootFolder/Testing/ParametricExploration/PerformanceStudy TemporaryFolder/DC__Spacecraft_cfg1/ParameterStudy (not mapped)</a> : ParameterStudySetUpCorrectly - Checks rules for a ParameterStudy
2016-08-25T19:33:15 - [Success] - <a href="mga:id-0067-00009243">RootFolder/Testing/ParametricExploration/PerformanceStudy TemporaryFolder/DC__Spacecraft_cfg1/ExtractModelProps (not mapped)</a> : TestBenchCorrectlySetUp - Basic rules for the test-bench reference checked.
2016-08-25T19:33:15 - [Success] - <a href="mga:id-0067-00009242">RootFolder/Testing/ParametricExploration/PerformanceStudy TemporaryFolder/DC__Spacecraft_cfg1/Dynamics (not mapped)</a> : TestBenchCorrectlySetUp - Basic rules for the test-bench reference checked.
2016-08-25T19:33:15 - [Debug] - PET check : OK
2016-08-25T19:33:15 - [Debug] - Errors: 0, Warnings: 0, Successes : 5
2016-08-25T19:33:17 - [Debug] - Interpreter successful :  : OK
2016-08-25T19:33:17 - [Debug] - CyPhyPython on 'DC__Spacecraft_cfg1' failed: System.Runtime.InteropServices.COMException (0x80004005): Error HRESULT E_FAIL has been returned from a call to a COM component.
   at GME.MGA.IMgaComponentEx.InvokeEx(MgaProject Project, MgaFCO currentobj, MgaFCOs selectedobjs, Int32 param)
   at META.ComComponent.Main()
   at CyPhyPET.CyPhyPETInterpreter.CallCyPhyPython(TestBenchType testBench, String outputDirName)
2016-08-25T19:33:17 - [Debug] - Interpreter successful :  : FAILED
2016-08-25T19:33:17 - [Error] - TestBench ExtractModelProps failed
2016-08-25T19:33:18 - [Debug] - ======================================================
2016-08-25T19:33:18 - [Debug] - Start time: 8/25/2016 7:32:56 PM
2016-08-25T19:33:18 - [Debug] - Configuration = 00:00:19.5270732
2016-08-25T19:33:18 - [Debug] - PET check = 00:00:19.5426988
2016-08-25T19:33:18 - [Debug] - Interpreter successful :  = 00:00:21.2861295
2016-08-25T19:33:18 - [Debug] - Interpreter successful :  = 00:00:21.5233108
2016-08-25T19:33:18 - [Debug] - ======================================================
2016-08-25T19:33:18 - [Error] - PET Interpreter failed! See error messages above.
2016-08-25T19:33:19 - [Info] - Running CyPhyPET
2016-08-25T19:33:19 - [Debug] - === HEADER ===================================================
Date/Time:       8/25/2016 7:33:19 PM
Windows Version: Microsoft Windows NT 6.2.9200.0
x64 bit OS:      True
GME version:     16.3.23.2581
META version:    14.13.68
META install:    C:\Program Files (x86)\META\
CyPhyML version: 14.13-t8
CyPhyML GUID:    {9088E798-8A24-4B44-B98E-D5C7C1792C2F}
Python Dll:      UNKNOWN
Python Exe:      UNKNOWN
Python27 VE exe: C:\Program Files (x86)\META\bin\Python27\Scripts\python.exe
PROE ISIS Ext. : C:\Program Files\META\Proe ISIS Extensions\bin\CADCreoParametricCreateAssembly.exe
PROE ISIS ver. : CADCreoParametricCreateAssembly 1.5.4.0
Username:        ted
Currently opened paradigm information
  MetaName    : CyPhyML
  MetaVersion : 14.13-t8

2016-08-25T19:33:20 - [Debug] - === HEADER ===================================================
Date/Time:       8/25/2016 7:33:19 PM
Windows Version: Microsoft Windows NT 6.2.9200.0
x64 bit OS:      True
GME version:     16.3.23.2581
META version:    14.13.68
META install:    C:\Program Files (x86)\META\
CyPhyML version: 14.13-t8
CyPhyML GUID:    {9088E798-8A24-4B44-B98E-D5C7C1792C2F}
Python Dll:      UNKNOWN
Python Exe:      UNKNOWN
Python27 VE exe: C:\Program Files (x86)\META\bin\Python27\Scripts\python.exe
PROE ISIS Ext. : C:\Program Files\META\Proe ISIS Extensions\bin\CADCreoParametricCreateAssembly.exe
PROE ISIS ver. : CADCreoParametricCreateAssembly 1.5.4.0
Username:        ted
Currently opened paradigm information
  MetaName    : CyPhyML
  MetaVersion : 14.13-t8

2016-08-25T19:33:20 - [Debug] - Configuration : OK
2016-08-25T19:33:20 - [Info] - DC__Spacecraft_cfg2 [ParametricExploration]
2016-08-25T19:33:20 - [Debug] - Checking rules...
2016-08-25T19:33:20 - [Success] - <a href="mga:id-0065-00009eb8">RootFolder/Testing/ParametricExploration/PerformanceStudy TemporaryFolder/DC__Spacecraft_cfg2 (not mapped)</a> : OneAndOnlyOneDriver - There should be one and only one driver.
2016-08-25T19:33:20 - [Success] - <a href="mga:id-0065-00009eb8">RootFolder/Testing/ParametricExploration/PerformanceStudy TemporaryFolder/DC__Spacecraft_cfg2 (not mapped)</a> : UniqueTestBenchRefNames - TestBenchReferences should have unique names
2016-08-25T19:33:20 - [Success] - <a href="mga:id-0065-00009eb9">RootFolder/Testing/ParametricExploration/PerformanceStudy TemporaryFolder/DC__Spacecraft_cfg2/ParameterStudy (not mapped)</a> : ParameterStudySetUpCorrectly - Checks rules for a ParameterStudy
2016-08-25T19:33:20 - [Success] - <a href="mga:id-0067-000092de">RootFolder/Testing/ParametricExploration/PerformanceStudy TemporaryFolder/DC__Spacecraft_cfg2/ExtractModelProps (not mapped)</a> : TestBenchCorrectlySetUp - Basic rules for the test-bench reference checked.
2016-08-25T19:33:20 - [Success] - <a href="mga:id-0067-000092dd">RootFolder/Testing/ParametricExploration/PerformanceStudy TemporaryFolder/DC__Spacecraft_cfg2/Dynamics (not mapped)</a> : TestBenchCorrectlySetUp - Basic rules for the test-bench reference checked.
2016-08-25T19:33:20 - [Debug] - PET check : OK
2016-08-25T19:33:20 - [Debug] - Errors: 0, Warnings: 0, Successes : 5
2016-08-25T19:33:22 - [Debug] - Interpreter successful :  : OK
2016-08-25T19:33:22 - [Debug] - CyPhyPython on 'DC__Spacecraft_cfg2' failed: System.Runtime.InteropServices.COMException (0x80004005): Error HRESULT E_FAIL has been returned from a call to a COM component.
   at GME.MGA.IMgaComponentEx.InvokeEx(MgaProject Project, MgaFCO currentobj, MgaFCOs selectedobjs, Int32 param)
   at META.ComComponent.Main()
   at CyPhyPET.CyPhyPETInterpreter.CallCyPhyPython(TestBenchType testBench, String outputDirName)
2016-08-25T19:33:22 - [Debug] - Interpreter successful :  : FAILED
2016-08-25T19:33:22 - [Error] - TestBench ExtractModelProps failed
2016-08-25T19:33:22 - [Debug] - ======================================================
2016-08-25T19:33:22 - [Debug] - Start time: 8/25/2016 7:33:19 PM
2016-08-25T19:33:22 - [Debug] - Configuration = 00:00:01.0142724
2016-08-25T19:33:22 - [Debug] - PET check = 00:00:01.0217728
2016-08-25T19:33:22 - [Debug] - Interpreter successful :  = 00:00:02.7657103
2016-08-25T19:33:22 - [Debug] - Interpreter successful :  = 00:00:02.9138354
2016-08-25T19:33:22 - [Debug] - ======================================================
2016-08-25T19:33:22 - [Error] - PET Interpreter failed! See error messages above.
2016-08-25T19:33:23 - [Info] - Running CyPhyPET
2016-08-25T19:33:24 - [Debug] - === HEADER ===================================================
Date/Time:       8/25/2016 7:33:24 PM
Windows Version: Microsoft Windows NT 6.2.9200.0
x64 bit OS:      True
GME version:     16.3.23.2581
META version:    14.13.68
META install:    C:\Program Files (x86)\META\
CyPhyML version: 14.13-t8
CyPhyML GUID:    {9088E798-8A24-4B44-B98E-D5C7C1792C2F}
Python Dll:      UNKNOWN
Python Exe:      UNKNOWN
Python27 VE exe: C:\Program Files (x86)\META\bin\Python27\Scripts\python.exe
PROE ISIS Ext. : C:\Program Files\META\Proe ISIS Extensions\bin\CADCreoParametricCreateAssembly.exe
PROE ISIS ver. : CADCreoParametricCreateAssembly 1.5.4.0
Username:        ted
Currently opened paradigm information
  MetaName    : CyPhyML
  MetaVersion : 14.13-t8

2016-08-25T19:33:25 - [Debug] - === HEADER ===================================================
Date/Time:       8/25/2016 7:33:24 PM
Windows Version: Microsoft Windows NT 6.2.9200.0
x64 bit OS:      True
GME version:     16.3.23.2581
META version:    14.13.68
META install:    C:\Program Files (x86)\META\
CyPhyML version: 14.13-t8
CyPhyML GUID:    {9088E798-8A24-4B44-B98E-D5C7C1792C2F}
Python Dll:      UNKNOWN
Python Exe:      UNKNOWN
Python27 VE exe: C:\Program Files (x86)\META\bin\Python27\Scripts\python.exe
PROE ISIS Ext. : C:\Program Files\META\Proe ISIS Extensions\bin\CADCreoParametricCreateAssembly.exe
PROE ISIS ver. : CADCreoParametricCreateAssembly 1.5.4.0
Username:        ted
Currently opened paradigm information
  MetaName    : CyPhyML
  MetaVersion : 14.13-t8

2016-08-25T19:33:25 - [Debug] - Configuration : OK
2016-08-25T19:33:25 - [Info] - DC__Spacecraft_cfg3 [ParametricExploration]
2016-08-25T19:33:25 - [Debug] - Checking rules...
2016-08-25T19:33:25 - [Success] - <a href="mga:id-0065-0000a009">RootFolder/Testing/ParametricExploration/PerformanceStudy TemporaryFolder/DC__Spacecraft_cfg3 (not mapped)</a> : OneAndOnlyOneDriver - There should be one and only one driver.
2016-08-25T19:33:25 - [Success] - <a href="mga:id-0065-0000a009">RootFolder/Testing/ParametricExploration/PerformanceStudy TemporaryFolder/DC__Spacecraft_cfg3 (not mapped)</a> : UniqueTestBenchRefNames - TestBenchReferences should have unique names
2016-08-25T19:33:25 - [Success] - <a href="mga:id-0065-0000a00a">RootFolder/Testing/ParametricExploration/PerformanceStudy TemporaryFolder/DC__Spacecraft_cfg3/ParameterStudy (not mapped)</a> : ParameterStudySetUpCorrectly - Checks rules for a ParameterStudy
2016-08-25T19:33:25 - [Success] - <a href="mga:id-0067-00009379">RootFolder/Testing/ParametricExploration/PerformanceStudy TemporaryFolder/DC__Spacecraft_cfg3/ExtractModelProps (not mapped)</a> : TestBenchCorrectlySetUp - Basic rules for the test-bench reference checked.
2016-08-25T19:33:25 - [Success] - <a href="mga:id-0067-00009378">RootFolder/Testing/ParametricExploration/PerformanceStudy TemporaryFolder/DC__Spacecraft_cfg3/Dynamics (not mapped)</a> : TestBenchCorrectlySetUp - Basic rules for the test-bench reference checked.
2016-08-25T19:33:25 - [Debug] - PET check : OK
2016-08-25T19:33:25 - [Debug] - Errors: 0, Warnings: 0, Successes : 5
2016-08-25T19:33:26 - [Debug] - Interpreter successful :  : OK
2016-08-25T19:33:26 - [Debug] - CyPhyPython on 'DC__Spacecraft_cfg3' failed: System.Runtime.InteropServices.COMException (0x80004005): Error HRESULT E_FAIL has been returned from a call to a COM component.
   at GME.MGA.IMgaComponentEx.InvokeEx(MgaProject Project, MgaFCO currentobj, MgaFCOs selectedobjs, Int32 param)
   at META.ComComponent.Main()
   at CyPhyPET.CyPhyPETInterpreter.CallCyPhyPython(TestBenchType testBench, String outputDirName)
2016-08-25T19:33:26 - [Debug] - Interpreter successful :  : FAILED
2016-08-25T19:33:26 - [Error] - TestBench ExtractModelProps failed
2016-08-25T19:33:27 - [Debug] - ======================================================
2016-08-25T19:33:27 - [Debug] - Start time: 8/25/2016 7:33:23 PM
2016-08-25T19:33:27 - [Debug] - Configuration = 00:00:01.0631842
2016-08-25T19:33:27 - [Debug] - PET check = 00:00:01.0631842
2016-08-25T19:33:27 - [Debug] - Interpreter successful :  = 00:00:02.8471998
2016-08-25T19:33:27 - [Debug] - Interpreter successful :  = 00:00:03.0314257
2016-08-25T19:33:27 - [Debug] - ======================================================
2016-08-25T19:33:27 - [Error] - PET Interpreter failed! See error messages above.
2016-08-25T19:38:07 - [Info] - Running CyPhyPET
2016-08-25T19:38:08 - [Debug] - === HEADER ===================================================
Date/Time:       8/25/2016 7:38:07 PM
Windows Version: Microsoft Windows NT 6.2.9200.0
x64 bit OS:      True
GME version:     16.3.23.2581
META version:    14.13.68
META install:    C:\Program Files (x86)\META\
CyPhyML version: 14.13-t8
CyPhyML GUID:    {9088E798-8A24-4B44-B98E-D5C7C1792C2F}
Python Dll:      UNKNOWN
Python Exe:      UNKNOWN
Python27 VE exe: C:\Program Files (x86)\META\bin\Python27\Scripts\python.exe
PROE ISIS Ext. : C:\Program Files\META\Proe ISIS Extensions\bin\CADCreoParametricCreateAssembly.exe
PROE ISIS ver. : CADCreoParametricCreateAssembly 1.5.4.0
Username:        ted
Currently opened paradigm information
  MetaName    : CyPhyML
  MetaVersion : 14.13-t8

2016-08-25T19:38:08 - [Debug] - === HEADER ===================================================
Date/Time:       8/25/2016 7:38:08 PM
Windows Version: Microsoft Windows NT 6.2.9200.0
x64 bit OS:      True
GME version:     16.3.23.2581
META version:    14.13.68
META install:    C:\Program Files (x86)\META\
CyPhyML version: 14.13-t8
CyPhyML GUID:    {9088E798-8A24-4B44-B98E-D5C7C1792C2F}
Python Dll:      UNKNOWN
Python Exe:      UNKNOWN
Python27 VE exe: C:\Program Files (x86)\META\bin\Python27\Scripts\python.exe
PROE ISIS Ext. : C:\Program Files\META\Proe ISIS Extensions\bin\CADCreoParametricCreateAssembly.exe
PROE ISIS ver. : CADCreoParametricCreateAssembly 1.5.4.0
Username:        ted
Currently opened paradigm information
  MetaName    : CyPhyML
  MetaVersion : 14.13-t8

2016-08-25T19:38:08 - [Debug] - Configuration : OK
2016-08-25T19:38:08 - [Info] - DC__Spacecraft_cfg1 [ParametricExploration]
2016-08-25T19:38:08 - [Debug] - Checking rules...
2016-08-25T19:38:08 - [Success] - <a href="mga:id-0065-0000a161">RootFolder/Testing/ParametricExploration/PerformanceStudy TemporaryFolder/DC__Spacecraft_cfg1 (not mapped)</a> : OneAndOnlyOneDriver - There should be one and only one driver.
2016-08-25T19:38:08 - [Success] - <a href="mga:id-0065-0000a161">RootFolder/Testing/ParametricExploration/PerformanceStudy TemporaryFolder/DC__Spacecraft_cfg1 (not mapped)</a> : UniqueTestBenchRefNames - TestBenchReferences should have unique names
2016-08-25T19:38:08 - [Success] - <a href="mga:id-0067-00009422">RootFolder/Testing/ParametricExploration/PerformanceStudy TemporaryFolder/DC__Spacecraft_cfg1/ExtractModelProps (not mapped)</a> : TestBenchCorrectlySetUp - Basic rules for the test-bench reference checked.
2016-08-25T19:38:08 - [Success] - <a href="mga:id-0067-00009421">RootFolder/Testing/ParametricExploration/PerformanceStudy TemporaryFolder/DC__Spacecraft_cfg1/Dynamics (not mapped)</a> : TestBenchCorrectlySetUp - Basic rules for the test-bench reference checked.
2016-08-25T19:38:08 - [Success] - <a href="mga:id-0065-0000a162">RootFolder/Testing/ParametricExploration/PerformanceStudy TemporaryFolder/DC__Spacecraft_cfg1/ParameterStudy (not mapped)</a> : ParameterStudySetUpCorrectly - Checks rules for a ParameterStudy
2016-08-25T19:38:08 - [Debug] - PET check : OK
2016-08-25T19:38:08 - [Debug] - Errors: 0, Warnings: 0, Successes : 5
2016-08-25T19:38:10 - [Debug] - Interpreter successful :  : OK
2016-08-25T19:38:10 - [Debug] - Interpreter successful :  : OK
2016-08-25T19:38:11 - [Debug] - ======================================================
2016-08-25T19:38:11 - [Debug] - Start time: 8/25/2016 7:37:47 PM
2016-08-25T19:38:11 - [Debug] - Configuration = 00:00:20.8257353
2016-08-25T19:38:11 - [Debug] - PET check = 00:00:20.8257353
2016-08-25T19:38:11 - [Debug] - Interpreter successful :  = 00:00:22.5248187
2016-08-25T19:38:11 - [Debug] - Interpreter successful :  = 00:00:22.7457593
2016-08-25T19:38:11 - [Debug] - ======================================================
2016-08-25T19:38:11 - [Info] - CyPhyPET finished successfully.
2016-08-25T19:38:11 - [Info] - Generated files are here: <a href="file:///D:\Work\SatExample\CyPhy_Model\results\m4o4ai0v" target="_blank">D:\Work\SatExample\CyPhy_Model\results\m4o4ai0v</a>
2016-08-25T19:38:11 - [Debug] - [SUCCESS: True, Labels: OpenModelica__latest_ && py_modelica14.13]
2016-08-25T19:38:12 - [Info] - Running CyPhyPET
2016-08-25T19:38:12 - [Debug] - === HEADER ===================================================
Date/Time:       8/25/2016 7:38:12 PM
Windows Version: Microsoft Windows NT 6.2.9200.0
x64 bit OS:      True
GME version:     16.3.23.2581
META version:    14.13.68
META install:    C:\Program Files (x86)\META\
CyPhyML version: 14.13-t8
CyPhyML GUID:    {9088E798-8A24-4B44-B98E-D5C7C1792C2F}
Python Dll:      UNKNOWN
Python Exe:      UNKNOWN
Python27 VE exe: C:\Program Files (x86)\META\bin\Python27\Scripts\python.exe
PROE ISIS Ext. : C:\Program Files\META\Proe ISIS Extensions\bin\CADCreoParametricCreateAssembly.exe
PROE ISIS ver. : CADCreoParametricCreateAssembly 1.5.4.0
Username:        ted
Currently opened paradigm information
  MetaName    : CyPhyML
  MetaVersion : 14.13-t8

2016-08-25T19:38:13 - [Debug] - === HEADER ===================================================
Date/Time:       8/25/2016 7:38:12 PM
Windows Version: Microsoft Windows NT 6.2.9200.0
x64 bit OS:      True
GME version:     16.3.23.2581
META version:    14.13.68
META install:    C:\Program Files (x86)\META\
CyPhyML version: 14.13-t8
CyPhyML GUID:    {9088E798-8A24-4B44-B98E-D5C7C1792C2F}
Python Dll:      UNKNOWN
Python Exe:      UNKNOWN
Python27 VE exe: C:\Program Files (x86)\META\bin\Python27\Scripts\python.exe
PROE ISIS Ext. : C:\Program Files\META\Proe ISIS Extensions\bin\CADCreoParametricCreateAssembly.exe
PROE ISIS ver. : CADCreoParametricCreateAssembly 1.5.4.0
Username:        ted
Currently opened paradigm information
  MetaName    : CyPhyML
  MetaVersion : 14.13-t8

2016-08-25T19:38:13 - [Debug] - Configuration : OK
2016-08-25T19:38:13 - [Info] - DC__Spacecraft_cfg2 [ParametricExploration]
2016-08-25T19:38:13 - [Debug] - Checking rules...
2016-08-25T19:38:13 - [Success] - <a href="mga:id-0065-0000a2b2">RootFolder/Testing/ParametricExploration/PerformanceStudy TemporaryFolder/DC__Spacecraft_cfg2 (not mapped)</a> : OneAndOnlyOneDriver - There should be one and only one driver.
2016-08-25T19:38:13 - [Success] - <a href="mga:id-0065-0000a2b2">RootFolder/Testing/ParametricExploration/PerformanceStudy TemporaryFolder/DC__Spacecraft_cfg2 (not mapped)</a> : UniqueTestBenchRefNames - TestBenchReferences should have unique names
2016-08-25T19:38:13 - [Success] - <a href="mga:id-0067-000094bd">RootFolder/Testing/ParametricExploration/PerformanceStudy TemporaryFolder/DC__Spacecraft_cfg2/ExtractModelProps (not mapped)</a> : TestBenchCorrectlySetUp - Basic rules for the test-bench reference checked.
2016-08-25T19:38:13 - [Success] - <a href="mga:id-0067-000094bc">RootFolder/Testing/ParametricExploration/PerformanceStudy TemporaryFolder/DC__Spacecraft_cfg2/Dynamics (not mapped)</a> : TestBenchCorrectlySetUp - Basic rules for the test-bench reference checked.
2016-08-25T19:38:13 - [Success] - <a href="mga:id-0065-0000a2b3">RootFolder/Testing/ParametricExploration/PerformanceStudy TemporaryFolder/DC__Spacecraft_cfg2/ParameterStudy (not mapped)</a> : ParameterStudySetUpCorrectly - Checks rules for a ParameterStudy
2016-08-25T19:38:13 - [Debug] - PET check : OK
2016-08-25T19:38:13 - [Debug] - Errors: 0, Warnings: 0, Successes : 5
2016-08-25T19:38:15 - [Debug] - Interpreter successful :  : OK
2016-08-25T19:38:15 - [Debug] - Interpreter successful :  : OK
2016-08-25T19:38:15 - [Debug] - ======================================================
2016-08-25T19:38:15 - [Debug] - Start time: 8/25/2016 7:38:12 PM
2016-08-25T19:38:15 - [Debug] - Configuration = 00:00:01.0144457
2016-08-25T19:38:15 - [Debug] - PET check = 00:00:01.0144457
2016-08-25T19:38:15 - [Debug] - Interpreter successful :  = 00:00:02.8598833
2016-08-25T19:38:15 - [Debug] - Interpreter successful :  = 00:00:03.0154938
2016-08-25T19:38:15 - [Debug] - ======================================================
2016-08-25T19:38:15 - [Info] - CyPhyPET finished successfully.
2016-08-25T19:38:15 - [Info] - Generated files are here: <a href="file:///D:\Work\SatExample\CyPhy_Model\results\f1gzpzdi" target="_blank">D:\Work\SatExample\CyPhy_Model\results\f1gzpzdi</a>
2016-08-25T19:38:15 - [Debug] - [SUCCESS: True, Labels: OpenModelica__latest_ && py_modelica14.13]
2016-08-25T19:38:17 - [Info] - Running CyPhyPET
2016-08-25T19:38:17 - [Debug] - === HEADER ===================================================
Date/Time:       8/25/2016 7:38:17 PM
Windows Version: Microsoft Windows NT 6.2.9200.0
x64 bit OS:      True
GME version:     16.3.23.2581
META version:    14.13.68
META install:    C:\Program Files (x86)\META\
CyPhyML version: 14.13-t8
CyPhyML GUID:    {9088E798-8A24-4B44-B98E-D5C7C1792C2F}
Python Dll:      UNKNOWN
Python Exe:      UNKNOWN
Python27 VE exe: C:\Program Files (x86)\META\bin\Python27\Scripts\python.exe
PROE ISIS Ext. : C:\Program Files\META\Proe ISIS Extensions\bin\CADCreoParametricCreateAssembly.exe
PROE ISIS ver. : CADCreoParametricCreateAssembly 1.5.4.0
Username:        ted
Currently opened paradigm information
  MetaName    : CyPhyML
  MetaVersion : 14.13-t8

2016-08-25T19:38:18 - [Debug] - === HEADER ===================================================
Date/Time:       8/25/2016 7:38:17 PM
Windows Version: Microsoft Windows NT 6.2.9200.0
x64 bit OS:      True
GME version:     16.3.23.2581
META version:    14.13.68
META install:    C:\Program Files (x86)\META\
CyPhyML version: 14.13-t8
CyPhyML GUID:    {9088E798-8A24-4B44-B98E-D5C7C1792C2F}
Python Dll:      UNKNOWN
Python Exe:      UNKNOWN
Python27 VE exe: C:\Program Files (x86)\META\bin\Python27\Scripts\python.exe
PROE ISIS Ext. : C:\Program Files\META\Proe ISIS Extensions\bin\CADCreoParametricCreateAssembly.exe
PROE ISIS ver. : CADCreoParametricCreateAssembly 1.5.4.0
Username:        ted
Currently opened paradigm information
  MetaName    : CyPhyML
  MetaVersion : 14.13-t8

2016-08-25T19:38:18 - [Debug] - Configuration : OK
2016-08-25T19:38:18 - [Info] - DC__Spacecraft_cfg3 [ParametricExploration]
2016-08-25T19:38:18 - [Debug] - Checking rules...
2016-08-25T19:38:18 - [Success] - <a href="mga:id-0065-0000a403">RootFolder/Testing/ParametricExploration/PerformanceStudy TemporaryFolder/DC__Spacecraft_cfg3 (not mapped)</a> : OneAndOnlyOneDriver - There should be one and only one driver.
2016-08-25T19:38:18 - [Success] - <a href="mga:id-0065-0000a403">RootFolder/Testing/ParametricExploration/PerformanceStudy TemporaryFolder/DC__Spacecraft_cfg3 (not mapped)</a> : UniqueTestBenchRefNames - TestBenchReferences should have unique names
2016-08-25T19:38:18 - [Success] - <a href="mga:id-0067-00009558">RootFolder/Testing/ParametricExploration/PerformanceStudy TemporaryFolder/DC__Spacecraft_cfg3/ExtractModelProps (not mapped)</a> : TestBenchCorrectlySetUp - Basic rules for the test-bench reference checked.
2016-08-25T19:38:18 - [Success] - <a href="mga:id-0067-00009557">RootFolder/Testing/ParametricExploration/PerformanceStudy TemporaryFolder/DC__Spacecraft_cfg3/Dynamics (not mapped)</a> : TestBenchCorrectlySetUp - Basic rules for the test-bench reference checked.
2016-08-25T19:38:18 - [Success] - <a href="mga:id-0065-0000a404">RootFolder/Testing/ParametricExploration/PerformanceStudy TemporaryFolder/DC__Spacecraft_cfg3/ParameterStudy (not mapped)</a> : ParameterStudySetUpCorrectly - Checks rules for a ParameterStudy
2016-08-25T19:38:18 - [Debug] - PET check : OK
2016-08-25T19:38:18 - [Debug] - Errors: 0, Warnings: 0, Successes : 5
2016-08-25T19:38:20 - [Debug] - Interpreter successful :  : OK
2016-08-25T19:38:20 - [Debug] - Interpreter successful :  : OK
2016-08-25T19:38:21 - [Debug] - ======================================================
2016-08-25T19:38:21 - [Debug] - Start time: 8/25/2016 7:38:17 PM
2016-08-25T19:38:21 - [Debug] - Configuration = 00:00:01.0841549
2016-08-25T19:38:21 - [Debug] - PET check = 00:00:01.0926619
2016-08-25T19:38:21 - [Debug] - Interpreter successful :  = 00:00:03.3557715
2016-08-25T19:38:21 - [Debug] - Interpreter successful :  = 00:00:03.5178872
2016-08-25T19:38:21 - [Debug] - ======================================================
2016-08-25T19:38:21 - [Info] - CyPhyPET finished successfully.
2016-08-25T19:38:21 - [Info] - Generated files are here: <a href="file:///D:\Work\SatExample\CyPhy_Model\results\qz2agsgl" target="_blank">D:\Work\SatExample\CyPhy_Model\results\qz2agsgl</a>
2016-08-25T19:38:21 - [Debug] - [SUCCESS: True, Labels: OpenModelica__latest_ && py_modelica14.13]
2016-08-25T20:05:35 - [Info] - Running CyPhyPET
2016-08-25T20:05:36 - [Debug] - === HEADER ===================================================
Date/Time:       8/25/2016 8:05:35 PM
Windows Version: Microsoft Windows NT 6.2.9200.0
x64 bit OS:      True
GME version:     16.3.23.2581
META version:    14.13.68
META install:    C:\Program Files (x86)\META\
CyPhyML version: 14.13-t8
CyPhyML GUID:    {9088E798-8A24-4B44-B98E-D5C7C1792C2F}
Python Dll:      UNKNOWN
Python Exe:      UNKNOWN
Python27 VE exe: C:\Program Files (x86)\META\bin\Python27\Scripts\python.exe
PROE ISIS Ext. : C:\Program Files\META\Proe ISIS Extensions\bin\CADCreoParametricCreateAssembly.exe
PROE ISIS ver. : CADCreoParametricCreateAssembly 1.5.4.0
Username:        ted
Currently opened paradigm information
  MetaName    : CyPhyML
  MetaVersion : 14.13-t8

2016-08-25T20:05:36 - [Debug] - === HEADER ===================================================
Date/Time:       8/25/2016 8:05:36 PM
Windows Version: Microsoft Windows NT 6.2.9200.0
x64 bit OS:      True
GME version:     16.3.23.2581
META version:    14.13.68
META install:    C:\Program Files (x86)\META\
CyPhyML version: 14.13-t8
CyPhyML GUID:    {9088E798-8A24-4B44-B98E-D5C7C1792C2F}
Python Dll:      UNKNOWN
Python Exe:      UNKNOWN
Python27 VE exe: C:\Program Files (x86)\META\bin\Python27\Scripts\python.exe
PROE ISIS Ext. : C:\Program Files\META\Proe ISIS Extensions\bin\CADCreoParametricCreateAssembly.exe
PROE ISIS ver. : CADCreoParametricCreateAssembly 1.5.4.0
Username:        ted
Currently opened paradigm information
  MetaName    : CyPhyML
  MetaVersion : 14.13-t8

2016-08-25T20:05:36 - [Debug] - Configuration : OK
2016-08-25T20:05:36 - [Info] - DC__Spacecraft_cfg1 [ParametricExploration]
2016-08-25T20:05:36 - [Debug] - Checking rules...
2016-08-25T20:05:36 - [Success] - <a href="mga:id-0065-0000a6aa">RootFolder/Testing/ParametricExploration/ExploreGeoAndPerf TemporaryFolder/DC__Spacecraft_cfg1 (not mapped)</a> : OneAndOnlyOneDriver - There should be one and only one driver.
2016-08-25T20:05:36 - [Success] - <a href="mga:id-0065-0000a6aa">RootFolder/Testing/ParametricExploration/ExploreGeoAndPerf TemporaryFolder/DC__Spacecraft_cfg1 (not mapped)</a> : UniqueTestBenchRefNames - TestBenchReferences should have unique names
2016-08-25T20:05:36 - [Success] - <a href="mga:id-0067-00009695">RootFolder/Testing/ParametricExploration/ExploreGeoAndPerf TemporaryFolder/DC__Spacecraft_cfg1/Geometric Analysis (not mapped)</a> : TestBenchCorrectlySetUp - Basic rules for the test-bench reference checked.
2016-08-25T20:05:36 - [Success] - <a href="mga:id-0067-00009694">RootFolder/Testing/ParametricExploration/ExploreGeoAndPerf TemporaryFolder/DC__Spacecraft_cfg1/RotationalElectricalDynamics (not mapped)</a> : TestBenchCorrectlySetUp - Basic rules for the test-bench reference checked.
2016-08-25T20:05:36 - [Success] - <a href="mga:id-0065-0000a6ab">RootFolder/Testing/ParametricExploration/ExploreGeoAndPerf TemporaryFolder/DC__Spacecraft_cfg1/FullParameterStudy (not mapped)</a> : ParameterStudySetUpCorrectly - Checks rules for a ParameterStudy
2016-08-25T20:05:36 - [Success] - <a href="mga:id-0067-00009676">RootFolder/Testing/ParametricExploration/ExploreGeoAndPerf TemporaryFolder/DC__Spacecraft_cfg1/ConvertAndExtractParams (not mapped)</a> : TestBenchCorrectlySetUp - Basic rules for the test-bench reference checked.
2016-08-25T20:05:36 - [Debug] - PET check : OK
2016-08-25T20:05:36 - [Debug] - Errors: 0, Warnings: 0, Successes : 6
2016-08-25T20:05:37 - [Debug] - Interpreter successful :  : OK
2016-08-25T20:05:39 - [Debug] - Interpreter successful :  : OK
2016-08-25T20:05:39 - [Debug] - Interpreter successful :  : OK
2016-08-25T20:05:40 - [Debug] - ======================================================
2016-08-25T20:05:40 - [Debug] - Start time: 8/25/2016 8:02:38 PM
2016-08-25T20:05:40 - [Debug] - Configuration = 00:02:58.0284939
2016-08-25T20:05:40 - [Debug] - PET check = 00:02:58.0380004
2016-08-25T20:05:40 - [Debug] - Interpreter successful :  = 00:02:58.2716660
2016-08-25T20:05:40 - [Debug] - Interpreter successful :  = 00:03:00.3917843
2016-08-25T20:05:40 - [Debug] - Interpreter successful :  = 00:03:01.0372405
2016-08-25T20:05:40 - [Debug] - ======================================================
2016-08-25T20:05:40 - [Info] - CyPhyPET finished successfully.
2016-08-25T20:05:40 - [Info] - Generated files are here: <a href="file:///D:\Work\SatExample\CyPhy_Model\results\u4l41tpf" target="_blank">D:\Work\SatExample\CyPhy_Model\results\u4l41tpf</a>
2016-08-25T20:05:40 - [Debug] - [SUCCESS: True, Labels: OpenModelica__latest_ && py_modelica14.13 && Creo&&CADCreoParametricCreateAssembly.exev1.4&&Windows14.13]
2016-08-25T20:05:41 - [Info] - Running CyPhyPET
2016-08-25T20:05:42 - [Debug] - === HEADER ===================================================
Date/Time:       8/25/2016 8:05:41 PM
Windows Version: Microsoft Windows NT 6.2.9200.0
x64 bit OS:      True
GME version:     16.3.23.2581
META version:    14.13.68
META install:    C:\Program Files (x86)\META\
CyPhyML version: 14.13-t8
CyPhyML GUID:    {9088E798-8A24-4B44-B98E-D5C7C1792C2F}
Python Dll:      UNKNOWN
Python Exe:      UNKNOWN
Python27 VE exe: C:\Program Files (x86)\META\bin\Python27\Scripts\python.exe
PROE ISIS Ext. : C:\Program Files\META\Proe ISIS Extensions\bin\CADCreoParametricCreateAssembly.exe
PROE ISIS ver. : CADCreoParametricCreateAssembly 1.5.4.0
Username:        ted
Currently opened paradigm information
  MetaName    : CyPhyML
  MetaVersion : 14.13-t8

2016-08-25T20:05:43 - [Debug] - === HEADER ===================================================
Date/Time:       8/25/2016 8:05:42 PM
Windows Version: Microsoft Windows NT 6.2.9200.0
x64 bit OS:      True
GME version:     16.3.23.2581
META version:    14.13.68
META install:    C:\Program Files (x86)\META\
CyPhyML version: 14.13-t8
CyPhyML GUID:    {9088E798-8A24-4B44-B98E-D5C7C1792C2F}
Python Dll:      UNKNOWN
Python Exe:      UNKNOWN
Python27 VE exe: C:\Program Files (x86)\META\bin\Python27\Scripts\python.exe
PROE ISIS Ext. : C:\Program Files\META\Proe ISIS Extensions\bin\CADCreoParametricCreateAssembly.exe
PROE ISIS ver. : CADCreoParametricCreateAssembly 1.5.4.0
Username:        ted
Currently opened paradigm information
  MetaName    : CyPhyML
  MetaVersion : 14.13-t8

2016-08-25T20:05:43 - [Debug] - Configuration : OK
2016-08-25T20:05:43 - [Info] - DC__Spacecraft_cfg2 [ParametricExploration]
2016-08-25T20:05:43 - [Debug] - Checking rules...
2016-08-25T20:05:43 - [Success] - <a href="mga:id-0065-0000a94a">RootFolder/Testing/ParametricExploration/ExploreGeoAndPerf TemporaryFolder/DC__Spacecraft_cfg2 (not mapped)</a> : OneAndOnlyOneDriver - There should be one and only one driver.
2016-08-25T20:05:43 - [Success] - <a href="mga:id-0065-0000a94a">RootFolder/Testing/ParametricExploration/ExploreGeoAndPerf TemporaryFolder/DC__Spacecraft_cfg2 (not mapped)</a> : UniqueTestBenchRefNames - TestBenchReferences should have unique names
2016-08-25T20:05:43 - [Success] - <a href="mga:id-0067-000097d2">RootFolder/Testing/ParametricExploration/ExploreGeoAndPerf TemporaryFolder/DC__Spacecraft_cfg2/Geometric Analysis (not mapped)</a> : TestBenchCorrectlySetUp - Basic rules for the test-bench reference checked.
2016-08-25T20:05:43 - [Success] - <a href="mga:id-0067-000097d1">RootFolder/Testing/ParametricExploration/ExploreGeoAndPerf TemporaryFolder/DC__Spacecraft_cfg2/RotationalElectricalDynamics (not mapped)</a> : TestBenchCorrectlySetUp - Basic rules for the test-bench reference checked.
2016-08-25T20:05:43 - [Success] - <a href="mga:id-0065-0000a94b">RootFolder/Testing/ParametricExploration/ExploreGeoAndPerf TemporaryFolder/DC__Spacecraft_cfg2/FullParameterStudy (not mapped)</a> : ParameterStudySetUpCorrectly - Checks rules for a ParameterStudy
2016-08-25T20:05:43 - [Success] - <a href="mga:id-0067-000097b3">RootFolder/Testing/ParametricExploration/ExploreGeoAndPerf TemporaryFolder/DC__Spacecraft_cfg2/ConvertAndExtractParams (not mapped)</a> : TestBenchCorrectlySetUp - Basic rules for the test-bench reference checked.
2016-08-25T20:05:43 - [Debug] - PET check : OK
2016-08-25T20:05:43 - [Debug] - Errors: 0, Warnings: 0, Successes : 6
2016-08-25T20:05:43 - [Debug] - Interpreter successful :  : OK
2016-08-25T20:05:45 - [Debug] - Interpreter successful :  : OK
2016-08-25T20:05:45 - [Debug] - Interpreter successful :  : OK
2016-08-25T20:05:46 - [Debug] - ======================================================
2016-08-25T20:05:46 - [Debug] - Start time: 8/25/2016 8:05:41 PM
2016-08-25T20:05:46 - [Debug] - Configuration = 00:00:01.1798441
2016-08-25T20:05:46 - [Debug] - PET check = 00:00:01.1918530
2016-08-25T20:05:46 - [Debug] - Interpreter successful :  = 00:00:01.3559800
2016-08-25T20:05:46 - [Debug] - Interpreter successful :  = 00:00:03.2633398
2016-08-25T20:05:46 - [Debug] - Interpreter successful :  = 00:00:03.7406768
2016-08-25T20:05:46 - [Debug] - ======================================================
2016-08-25T20:05:46 - [Info] - CyPhyPET finished successfully.
2016-08-25T20:05:46 - [Info] - Generated files are here: <a href="file:///D:\Work\SatExample\CyPhy_Model\results\ehc5bbio" target="_blank">D:\Work\SatExample\CyPhy_Model\results\ehc5bbio</a>
2016-08-25T20:05:46 - [Debug] - [SUCCESS: True, Labels: OpenModelica__latest_ && py_modelica14.13 && Creo&&CADCreoParametricCreateAssembly.exev1.4&&Windows14.13]
2016-08-25T20:05:47 - [Info] - Running CyPhyPET
2016-08-25T20:05:48 - [Debug] - === HEADER ===================================================
Date/Time:       8/25/2016 8:05:47 PM
Windows Version: Microsoft Windows NT 6.2.9200.0
x64 bit OS:      True
GME version:     16.3.23.2581
META version:    14.13.68
META install:    C:\Program Files (x86)\META\
CyPhyML version: 14.13-t8
CyPhyML GUID:    {9088E798-8A24-4B44-B98E-D5C7C1792C2F}
Python Dll:      UNKNOWN
Python Exe:      UNKNOWN
Python27 VE exe: C:\Program Files (x86)\META\bin\Python27\Scripts\python.exe
PROE ISIS Ext. : C:\Program Files\META\Proe ISIS Extensions\bin\CADCreoParametricCreateAssembly.exe
PROE ISIS ver. : CADCreoParametricCreateAssembly 1.5.4.0
Username:        ted
Currently opened paradigm information
  MetaName    : CyPhyML
  MetaVersion : 14.13-t8

2016-08-25T20:05:48 - [Debug] - === HEADER ===================================================
Date/Time:       8/25/2016 8:05:48 PM
Windows Version: Microsoft Windows NT 6.2.9200.0
x64 bit OS:      True
GME version:     16.3.23.2581
META version:    14.13.68
META install:    C:\Program Files (x86)\META\
CyPhyML version: 14.13-t8
CyPhyML GUID:    {9088E798-8A24-4B44-B98E-D5C7C1792C2F}
Python Dll:      UNKNOWN
Python Exe:      UNKNOWN
Python27 VE exe: C:\Program Files (x86)\META\bin\Python27\Scripts\python.exe
PROE ISIS Ext. : C:\Program Files\META\Proe ISIS Extensions\bin\CADCreoParametricCreateAssembly.exe
PROE ISIS ver. : CADCreoParametricCreateAssembly 1.5.4.0
Username:        ted
Currently opened paradigm information
  MetaName    : CyPhyML
  MetaVersion : 14.13-t8

2016-08-25T20:05:48 - [Debug] - Configuration : OK
2016-08-25T20:05:48 - [Info] - DC__Spacecraft_cfg3 [ParametricExploration]
2016-08-25T20:05:48 - [Debug] - Checking rules...
2016-08-25T20:05:48 - [Success] - <a href="mga:id-0065-0000abea">RootFolder/Testing/ParametricExploration/ExploreGeoAndPerf TemporaryFolder/DC__Spacecraft_cfg3 (not mapped)</a> : OneAndOnlyOneDriver - There should be one and only one driver.
2016-08-25T20:05:48 - [Success] - <a href="mga:id-0065-0000abea">RootFolder/Testing/ParametricExploration/ExploreGeoAndPerf TemporaryFolder/DC__Spacecraft_cfg3 (not mapped)</a> : UniqueTestBenchRefNames - TestBenchReferences should have unique names
2016-08-25T20:05:48 - [Success] - <a href="mga:id-0067-0000990f">RootFolder/Testing/ParametricExploration/ExploreGeoAndPerf TemporaryFolder/DC__Spacecraft_cfg3/Geometric Analysis (not mapped)</a> : TestBenchCorrectlySetUp - Basic rules for the test-bench reference checked.
2016-08-25T20:05:48 - [Success] - <a href="mga:id-0067-0000990e">RootFolder/Testing/ParametricExploration/ExploreGeoAndPerf TemporaryFolder/DC__Spacecraft_cfg3/RotationalElectricalDynamics (not mapped)</a> : TestBenchCorrectlySetUp - Basic rules for the test-bench reference checked.
2016-08-25T20:05:48 - [Success] - <a href="mga:id-0065-0000abeb">RootFolder/Testing/ParametricExploration/ExploreGeoAndPerf TemporaryFolder/DC__Spacecraft_cfg3/FullParameterStudy (not mapped)</a> : ParameterStudySetUpCorrectly - Checks rules for a ParameterStudy
2016-08-25T20:05:48 - [Success] - <a href="mga:id-0067-000098f0">RootFolder/Testing/ParametricExploration/ExploreGeoAndPerf TemporaryFolder/DC__Spacecraft_cfg3/ConvertAndExtractParams (not mapped)</a> : TestBenchCorrectlySetUp - Basic rules for the test-bench reference checked.
2016-08-25T20:05:48 - [Debug] - PET check : OK
2016-08-25T20:05:48 - [Debug] - Errors: 0, Warnings: 0, Successes : 6
2016-08-25T20:05:48 - [Debug] - Interpreter successful :  : OK
2016-08-25T20:05:50 - [Debug] - Interpreter successful :  : OK
2016-08-25T20:05:51 - [Debug] - Interpreter successful :  : OK
2016-08-25T20:05:51 - [Debug] - ======================================================
2016-08-25T20:05:51 - [Debug] - Start time: 8/25/2016 8:05:47 PM
2016-08-25T20:05:51 - [Debug] - Configuration = 00:00:01.2058617
2016-08-25T20:05:51 - [Debug] - PET check = 00:00:01.2188705
2016-08-25T20:05:51 - [Debug] - Interpreter successful :  = 00:00:01.3949941
2016-08-25T20:05:51 - [Debug] - Interpreter successful :  = 00:00:03.3354925
2016-08-25T20:05:51 - [Debug] - Interpreter successful :  = 00:00:03.8623628
2016-08-25T20:05:51 - [Debug] - ======================================================
2016-08-25T20:05:51 - [Info] - CyPhyPET finished successfully.
2016-08-25T20:05:51 - [Info] - Generated files are here: <a href="file:///D:\Work\SatExample\CyPhy_Model\results\lzyhjld0" target="_blank">D:\Work\SatExample\CyPhy_Model\results\lzyhjld0</a>
2016-08-25T20:05:51 - [Debug] - [SUCCESS: True, Labels: OpenModelica__latest_ && py_modelica14.13 && Creo&&CADCreoParametricCreateAssembly.exev1.4&&Windows14.13]
2016-08-25T21:12:01 - [Info] - Running CyPhyPET
2016-08-25T21:12:01 - [Debug] - === HEADER ===================================================
Date/Time:       8/25/2016 9:12:01 PM
Windows Version: Microsoft Windows NT 6.2.9200.0
x64 bit OS:      True
GME version:     16.3.23.2581
META version:    14.13.68
META install:    C:\Program Files (x86)\META\
CyPhyML version: 14.13-t8
CyPhyML GUID:    {9088E798-8A24-4B44-B98E-D5C7C1792C2F}
Python Dll:      UNKNOWN
Python Exe:      UNKNOWN
Python27 VE exe: C:\Program Files (x86)\META\bin\Python27\Scripts\python.exe
PROE ISIS Ext. : C:\Program Files\META\Proe ISIS Extensions\bin\CADCreoParametricCreateAssembly.exe
PROE ISIS ver. : CADCreoParametricCreateAssembly 1.5.4.0
Username:        ted
Currently opened paradigm information
  MetaName    : CyPhyML
  MetaVersion : 14.13-t8

2016-08-25T21:12:02 - [Debug] - === HEADER ===================================================
Date/Time:       8/25/2016 9:12:01 PM
Windows Version: Microsoft Windows NT 6.2.9200.0
x64 bit OS:      True
GME version:     16.3.23.2581
META version:    14.13.68
META install:    C:\Program Files (x86)\META\
CyPhyML version: 14.13-t8
CyPhyML GUID:    {9088E798-8A24-4B44-B98E-D5C7C1792C2F}
Python Dll:      UNKNOWN
Python Exe:      UNKNOWN
Python27 VE exe: C:\Program Files (x86)\META\bin\Python27\Scripts\python.exe
PROE ISIS Ext. : C:\Program Files\META\Proe ISIS Extensions\bin\CADCreoParametricCreateAssembly.exe
PROE ISIS ver. : CADCreoParametricCreateAssembly 1.5.4.0
Username:        ted
Currently opened paradigm information
  MetaName    : CyPhyML
  MetaVersion : 14.13-t8

2016-08-25T21:12:02 - [Debug] - Configuration : OK
2016-08-25T21:12:02 - [Info] - DC__Spacecraft_cfg1 [ParametricExploration]
2016-08-25T21:12:02 - [Debug] - Checking rules...
2016-08-25T21:12:02 - [Success] - <a href="mga:id-0065-0000ae98">RootFolder/Testing/ParametricExploration/ExploreGeoAndPerf TemporaryFolder/DC__Spacecraft_cfg1 (not mapped)</a> : OneAndOnlyOneDriver - There should be one and only one driver.
2016-08-25T21:12:02 - [Success] - <a href="mga:id-0065-0000ae98">RootFolder/Testing/ParametricExploration/ExploreGeoAndPerf TemporaryFolder/DC__Spacecraft_cfg1 (not mapped)</a> : UniqueTestBenchRefNames - TestBenchReferences should have unique names
2016-08-25T21:12:02 - [Success] - <a href="mga:id-0067-00009a4c">RootFolder/Testing/ParametricExploration/ExploreGeoAndPerf TemporaryFolder/DC__Spacecraft_cfg1/ConvertAndExtractParams (not mapped)</a> : TestBenchCorrectlySetUp - Basic rules for the test-bench reference checked.
2016-08-25T21:12:02 - [Success] - <a href="mga:id-0067-00009a4b">RootFolder/Testing/ParametricExploration/ExploreGeoAndPerf TemporaryFolder/DC__Spacecraft_cfg1/RotationalElectricalDynamics (not mapped)</a> : TestBenchCorrectlySetUp - Basic rules for the test-bench reference checked.
2016-08-25T21:12:02 - [Success] - <a href="mga:id-0067-00009a4a">RootFolder/Testing/ParametricExploration/ExploreGeoAndPerf TemporaryFolder/DC__Spacecraft_cfg1/GeometricAnalysis (not mapped)</a> : TestBenchCorrectlySetUp - Basic rules for the test-bench reference checked.
2016-08-25T21:12:02 - [Success] - <a href="mga:id-0065-0000ae99">RootFolder/Testing/ParametricExploration/ExploreGeoAndPerf TemporaryFolder/DC__Spacecraft_cfg1/FullParameterStudy (not mapped)</a> : ParameterStudySetUpCorrectly - Checks rules for a ParameterStudy
2016-08-25T21:12:02 - [Debug] - PET check : OK
2016-08-25T21:12:02 - [Debug] - Errors: 0, Warnings: 0, Successes : 6
2016-08-25T21:12:02 - [Debug] - Interpreter successful :  : OK
2016-08-25T21:12:04 - [Debug] - Interpreter successful :  : OK
2016-08-25T21:12:04 - [Debug] - Interpreter successful :  : OK
2016-08-25T21:12:05 - [Debug] - ======================================================
2016-08-25T21:12:05 - [Debug] - Start time: 8/25/2016 9:11:40 PM
2016-08-25T21:12:05 - [Debug] - Configuration = 00:00:21.3814094
2016-08-25T21:12:05 - [Debug] - PET check = 00:00:21.3954193
2016-08-25T21:12:05 - [Debug] - Interpreter successful :  = 00:00:22.1749812
2016-08-25T21:12:05 - [Debug] - Interpreter successful :  = 00:00:23.8826880
2016-08-25T21:12:05 - [Debug] - Interpreter successful :  = 00:00:24.1398692
2016-08-25T21:12:05 - [Debug] - ======================================================
2016-08-25T21:12:05 - [Info] - CyPhyPET finished successfully.
2016-08-25T21:12:05 - [Info] - Generated files are here: <a href="file:///D:\Work\SatExample\CyPhy_Model\results\pvs0gwqs" target="_blank">D:\Work\SatExample\CyPhy_Model\results\pvs0gwqs</a>
2016-08-25T21:12:05 - [Debug] - [SUCCESS: True, Labels: Creo&&CADCreoParametricCreateAssembly.exev1.4&&Windows14.13 && OpenModelica__latest_ && py_modelica14.13]
2016-08-25T21:12:06 - [Info] - Running CyPhyPET
2016-08-25T21:12:07 - [Debug] - === HEADER ===================================================
Date/Time:       8/25/2016 9:12:07 PM
Windows Version: Microsoft Windows NT 6.2.9200.0
x64 bit OS:      True
GME version:     16.3.23.2581
META version:    14.13.68
META install:    C:\Program Files (x86)\META\
CyPhyML version: 14.13-t8
CyPhyML GUID:    {9088E798-8A24-4B44-B98E-D5C7C1792C2F}
Python Dll:      UNKNOWN
Python Exe:      UNKNOWN
Python27 VE exe: C:\Program Files (x86)\META\bin\Python27\Scripts\python.exe
PROE ISIS Ext. : C:\Program Files\META\Proe ISIS Extensions\bin\CADCreoParametricCreateAssembly.exe
PROE ISIS ver. : CADCreoParametricCreateAssembly 1.5.4.0
Username:        ted
Currently opened paradigm information
  MetaName    : CyPhyML
  MetaVersion : 14.13-t8

2016-08-25T21:12:08 - [Debug] - === HEADER ===================================================
Date/Time:       8/25/2016 9:12:07 PM
Windows Version: Microsoft Windows NT 6.2.9200.0
x64 bit OS:      True
GME version:     16.3.23.2581
META version:    14.13.68
META install:    C:\Program Files (x86)\META\
CyPhyML version: 14.13-t8
CyPhyML GUID:    {9088E798-8A24-4B44-B98E-D5C7C1792C2F}
Python Dll:      UNKNOWN
Python Exe:      UNKNOWN
Python27 VE exe: C:\Program Files (x86)\META\bin\Python27\Scripts\python.exe
PROE ISIS Ext. : C:\Program Files\META\Proe ISIS Extensions\bin\CADCreoParametricCreateAssembly.exe
PROE ISIS ver. : CADCreoParametricCreateAssembly 1.5.4.0
Username:        ted
Currently opened paradigm information
  MetaName    : CyPhyML
  MetaVersion : 14.13-t8

2016-08-25T21:12:08 - [Debug] - Configuration : OK
2016-08-25T21:12:08 - [Info] - DC__Spacecraft_cfg2 [ParametricExploration]
2016-08-25T21:12:08 - [Debug] - Checking rules...
2016-08-25T21:12:08 - [Success] - <a href="mga:id-0065-0000b0ab">RootFolder/Testing/ParametricExploration/ExploreGeoAndPerf TemporaryFolder/DC__Spacecraft_cfg2 (not mapped)</a> : OneAndOnlyOneDriver - There should be one and only one driver.
2016-08-25T21:12:08 - [Success] - <a href="mga:id-0065-0000b0ab">RootFolder/Testing/ParametricExploration/ExploreGeoAndPerf TemporaryFolder/DC__Spacecraft_cfg2 (not mapped)</a> : UniqueTestBenchRefNames - TestBenchReferences should have unique names
2016-08-25T21:12:08 - [Success] - <a href="mga:id-0067-00009b89">RootFolder/Testing/ParametricExploration/ExploreGeoAndPerf TemporaryFolder/DC__Spacecraft_cfg2/ConvertAndExtractParams (not mapped)</a> : TestBenchCorrectlySetUp - Basic rules for the test-bench reference checked.
2016-08-25T21:12:08 - [Success] - <a href="mga:id-0067-00009b88">RootFolder/Testing/ParametricExploration/ExploreGeoAndPerf TemporaryFolder/DC__Spacecraft_cfg2/RotationalElectricalDynamics (not mapped)</a> : TestBenchCorrectlySetUp - Basic rules for the test-bench reference checked.
2016-08-25T21:12:08 - [Success] - <a href="mga:id-0067-00009b87">RootFolder/Testing/ParametricExploration/ExploreGeoAndPerf TemporaryFolder/DC__Spacecraft_cfg2/GeometricAnalysis (not mapped)</a> : TestBenchCorrectlySetUp - Basic rules for the test-bench reference checked.
2016-08-25T21:12:08 - [Success] - <a href="mga:id-0065-0000b0ac">RootFolder/Testing/ParametricExploration/ExploreGeoAndPerf TemporaryFolder/DC__Spacecraft_cfg2/FullParameterStudy (not mapped)</a> : ParameterStudySetUpCorrectly - Checks rules for a ParameterStudy
2016-08-25T21:12:08 - [Debug] - PET check : OK
2016-08-25T21:12:08 - [Debug] - Errors: 0, Warnings: 0, Successes : 6
2016-08-25T21:12:08 - [Debug] - Interpreter successful :  : OK
2016-08-25T21:12:10 - [Debug] - Interpreter successful :  : OK
2016-08-25T21:12:10 - [Debug] - Interpreter successful :  : OK
2016-08-25T21:12:11 - [Debug] - ======================================================
2016-08-25T21:12:11 - [Debug] - Start time: 8/25/2016 9:12:06 PM
2016-08-25T21:12:11 - [Debug] - Configuration = 00:00:01.2563874
2016-08-25T21:12:11 - [Debug] - PET check = 00:00:01.2678949
2016-08-25T21:12:11 - [Debug] - Interpreter successful :  = 00:00:01.9884040
2016-08-25T21:12:11 - [Debug] - Interpreter successful :  = 00:00:03.7071179
2016-08-25T21:12:11 - [Debug] - Interpreter successful :  = 00:00:03.8802397
2016-08-25T21:12:11 - [Debug] - ======================================================
2016-08-25T21:12:11 - [Info] - CyPhyPET finished successfully.
2016-08-25T21:12:11 - [Info] - Generated files are here: <a href="file:///D:\Work\SatExample\CyPhy_Model\results\nwyv3ahs" target="_blank">D:\Work\SatExample\CyPhy_Model\results\nwyv3ahs</a>
2016-08-25T21:12:11 - [Debug] - [SUCCESS: True, Labels: Creo&&CADCreoParametricCreateAssembly.exev1.4&&Windows14.13 && OpenModelica__latest_ && py_modelica14.13]
2016-08-25T21:12:12 - [Info] - Running CyPhyPET
2016-08-25T21:12:13 - [Debug] - === HEADER ===================================================
Date/Time:       8/25/2016 9:12:12 PM
Windows Version: Microsoft Windows NT 6.2.9200.0
x64 bit OS:      True
GME version:     16.3.23.2581
META version:    14.13.68
META install:    C:\Program Files (x86)\META\
CyPhyML version: 14.13-t8
CyPhyML GUID:    {9088E798-8A24-4B44-B98E-D5C7C1792C2F}
Python Dll:      UNKNOWN
Python Exe:      UNKNOWN
Python27 VE exe: C:\Program Files (x86)\META\bin\Python27\Scripts\python.exe
PROE ISIS Ext. : C:\Program Files\META\Proe ISIS Extensions\bin\CADCreoParametricCreateAssembly.exe
PROE ISIS ver. : CADCreoParametricCreateAssembly 1.5.4.0
Username:        ted
Currently opened paradigm information
  MetaName    : CyPhyML
  MetaVersion : 14.13-t8

2016-08-25T21:12:14 - [Debug] - === HEADER ===================================================
Date/Time:       8/25/2016 9:12:13 PM
Windows Version: Microsoft Windows NT 6.2.9200.0
x64 bit OS:      True
GME version:     16.3.23.2581
META version:    14.13.68
META install:    C:\Program Files (x86)\META\
CyPhyML version: 14.13-t8
CyPhyML GUID:    {9088E798-8A24-4B44-B98E-D5C7C1792C2F}
Python Dll:      UNKNOWN
Python Exe:      UNKNOWN
Python27 VE exe: C:\Program Files (x86)\META\bin\Python27\Scripts\python.exe
PROE ISIS Ext. : C:\Program Files\META\Proe ISIS Extensions\bin\CADCreoParametricCreateAssembly.exe
PROE ISIS ver. : CADCreoParametricCreateAssembly 1.5.4.0
Username:        ted
Currently opened paradigm information
  MetaName    : CyPhyML
  MetaVersion : 14.13-t8

2016-08-25T21:12:14 - [Debug] - Configuration : OK
2016-08-25T21:12:14 - [Info] - DC__Spacecraft_cfg3 [ParametricExploration]
2016-08-25T21:12:14 - [Debug] - Checking rules...
2016-08-25T21:12:14 - [Success] - <a href="mga:id-0065-0000b24b">RootFolder/Testing/ParametricExploration/ExploreGeoAndPerf TemporaryFolder/DC__Spacecraft_cfg3 (not mapped)</a> : OneAndOnlyOneDriver - There should be one and only one driver.
2016-08-25T21:12:14 - [Success] - <a href="mga:id-0065-0000b24b">RootFolder/Testing/ParametricExploration/ExploreGeoAndPerf TemporaryFolder/DC__Spacecraft_cfg3 (not mapped)</a> : UniqueTestBenchRefNames - TestBenchReferences should have unique names
2016-08-25T21:12:14 - [Success] - <a href="mga:id-0067-00009cc6">RootFolder/Testing/ParametricExploration/ExploreGeoAndPerf TemporaryFolder/DC__Spacecraft_cfg3/ConvertAndExtractParams (not mapped)</a> : TestBenchCorrectlySetUp - Basic rules for the test-bench reference checked.
2016-08-25T21:12:14 - [Success] - <a href="mga:id-0067-00009cc5">RootFolder/Testing/ParametricExploration/ExploreGeoAndPerf TemporaryFolder/DC__Spacecraft_cfg3/RotationalElectricalDynamics (not mapped)</a> : TestBenchCorrectlySetUp - Basic rules for the test-bench reference checked.
2016-08-25T21:12:14 - [Success] - <a href="mga:id-0067-00009cc4">RootFolder/Testing/ParametricExploration/ExploreGeoAndPerf TemporaryFolder/DC__Spacecraft_cfg3/GeometricAnalysis (not mapped)</a> : TestBenchCorrectlySetUp - Basic rules for the test-bench reference checked.
2016-08-25T21:12:14 - [Success] - <a href="mga:id-0065-0000b24c">RootFolder/Testing/ParametricExploration/ExploreGeoAndPerf TemporaryFolder/DC__Spacecraft_cfg3/FullParameterStudy (not mapped)</a> : ParameterStudySetUpCorrectly - Checks rules for a ParameterStudy
2016-08-25T21:12:14 - [Debug] - PET check : OK
2016-08-25T21:12:14 - [Debug] - Errors: 0, Warnings: 0, Successes : 6
2016-08-25T21:12:14 - [Debug] - Interpreter successful :  : OK
2016-08-25T21:12:16 - [Debug] - Interpreter successful :  : OK
2016-08-25T21:12:16 - [Debug] - Interpreter successful :  : OK
2016-08-25T21:12:16 - [Debug] - ======================================================
2016-08-25T21:12:16 - [Debug] - Start time: 8/25/2016 9:12:12 PM
2016-08-25T21:12:16 - [Debug] - Configuration = 00:00:01.1087822
2016-08-25T21:12:16 - [Debug] - PET check = 00:00:01.1207903
2016-08-25T21:12:16 - [Debug] - Interpreter successful :  = 00:00:01.7127084
2016-08-25T21:12:16 - [Debug] - Interpreter successful :  = 00:00:03.3755500
2016-08-25T21:12:16 - [Debug] - Interpreter successful :  = 00:00:03.5551759
2016-08-25T21:12:16 - [Debug] - ======================================================
2016-08-25T21:12:17 - [Info] - CyPhyPET finished successfully.
2016-08-25T21:12:17 - [Info] - Generated files are here: <a href="file:///D:\Work\SatExample\CyPhy_Model\results\qvazod3i" target="_blank">D:\Work\SatExample\CyPhy_Model\results\qvazod3i</a>
2016-08-25T21:12:17 - [Debug] - [SUCCESS: True, Labels: Creo&&CADCreoParametricCreateAssembly.exev1.4&&Windows14.13 && OpenModelica__latest_ && py_modelica14.13]
2016-08-25T21:17:47 - [Info] - Running CyPhyPET
2016-08-25T21:17:48 - [Debug] - === HEADER ===================================================
Date/Time:       8/25/2016 9:17:47 PM
Windows Version: Microsoft Windows NT 6.2.9200.0
x64 bit OS:      True
GME version:     16.3.23.2581
META version:    14.13.68
META install:    C:\Program Files (x86)\META\
CyPhyML version: 14.13-t8
CyPhyML GUID:    {9088E798-8A24-4B44-B98E-D5C7C1792C2F}
Python Dll:      UNKNOWN
Python Exe:      UNKNOWN
Python27 VE exe: C:\Program Files (x86)\META\bin\Python27\Scripts\python.exe
PROE ISIS Ext. : C:\Program Files\META\Proe ISIS Extensions\bin\CADCreoParametricCreateAssembly.exe
PROE ISIS ver. : CADCreoParametricCreateAssembly 1.5.4.0
Username:        ted
Currently opened paradigm information
  MetaName    : CyPhyML
  MetaVersion : 14.13-t8

2016-08-25T21:17:49 - [Debug] - === HEADER ===================================================
Date/Time:       8/25/2016 9:17:48 PM
Windows Version: Microsoft Windows NT 6.2.9200.0
x64 bit OS:      True
GME version:     16.3.23.2581
META version:    14.13.68
META install:    C:\Program Files (x86)\META\
CyPhyML version: 14.13-t8
CyPhyML GUID:    {9088E798-8A24-4B44-B98E-D5C7C1792C2F}
Python Dll:      UNKNOWN
Python Exe:      UNKNOWN
Python27 VE exe: C:\Program Files (x86)\META\bin\Python27\Scripts\python.exe
PROE ISIS Ext. : C:\Program Files\META\Proe ISIS Extensions\bin\CADCreoParametricCreateAssembly.exe
PROE ISIS ver. : CADCreoParametricCreateAssembly 1.5.4.0
Username:        ted
Currently opened paradigm information
  MetaName    : CyPhyML
  MetaVersion : 14.13-t8

2016-08-25T21:17:49 - [Debug] - Configuration : OK
2016-08-25T21:17:49 - [Info] - DC__Spacecraft_cfg1 [ParametricExploration]
2016-08-25T21:17:49 - [Debug] - Checking rules...
2016-08-25T21:17:49 - [Success] - <a href="mga:id-0065-0000b3f4">RootFolder/Testing/ParametricExploration/ExploreGeometry TemporaryFolder/DC__Spacecraft_cfg1 (not mapped)</a> : OneAndOnlyOneDriver - There should be one and only one driver.
2016-08-25T21:17:49 - [Success] - <a href="mga:id-0065-0000b3f4">RootFolder/Testing/ParametricExploration/ExploreGeometry TemporaryFolder/DC__Spacecraft_cfg1 (not mapped)</a> : UniqueTestBenchRefNames - TestBenchReferences should have unique names
2016-08-25T21:17:49 - [Success] - <a href="mga:id-0067-00009df7">RootFolder/Testing/ParametricExploration/ExploreGeometry TemporaryFolder/DC__Spacecraft_cfg1/ExtractModelProps (not mapped)</a> : TestBenchCorrectlySetUp - Basic rules for the test-bench reference checked.
2016-08-25T21:17:49 - [Success] - <a href="mga:id-0065-0000b3f5">RootFolder/Testing/ParametricExploration/ExploreGeometry TemporaryFolder/DC__Spacecraft_cfg1/ParameterStudy (not mapped)</a> : ParameterStudySetUpCorrectly - Checks rules for a ParameterStudy
2016-08-25T21:17:49 - [Success] - <a href="mga:id-0067-00009de4">RootFolder/Testing/ParametricExploration/ExploreGeometry TemporaryFolder/DC__Spacecraft_cfg1/Distance_Between_Components (not mapped)</a> : TestBenchCorrectlySetUp - Basic rules for the test-bench reference checked.
2016-08-25T21:17:49 - [Debug] - PET check : OK
2016-08-25T21:17:49 - [Debug] - Errors: 0, Warnings: 0, Successes : 5
2016-08-25T21:17:49 - [Debug] - Interpreter successful :  : OK
2016-08-25T21:17:50 - [Debug] - Interpreter successful :  : OK
2016-08-25T21:17:51 - [Debug] - ======================================================
2016-08-25T21:17:51 - [Debug] - Start time: 8/25/2016 9:17:43 PM
2016-08-25T21:17:51 - [Debug] - Configuration = 00:00:05.9332365
2016-08-25T21:17:51 - [Debug] - PET check = 00:00:05.9417423
2016-08-25T21:17:51 - [Debug] - Interpreter successful :  = 00:00:06.5541960
2016-08-25T21:17:51 - [Debug] - Interpreter successful :  = 00:00:06.8288886
2016-08-25T21:17:51 - [Debug] - ======================================================
2016-08-25T21:17:51 - [Info] - CyPhyPET finished successfully.
2016-08-25T21:17:51 - [Info] - Generated files are here: <a href="file:///D:\Work\SatExample\CyPhy_Model\results\eooqck5j" target="_blank">D:\Work\SatExample\CyPhy_Model\results\eooqck5j</a>
2016-08-25T21:17:51 - [Debug] - [SUCCESS: True, Labels: Creo&&CADCreoParametricCreateAssembly.exev1.4&&Windows14.13]
2016-08-25T21:17:53 - [Info] - Running CyPhyPET
2016-08-25T21:17:54 - [Debug] - === HEADER ===================================================
Date/Time:       8/25/2016 9:17:53 PM
Windows Version: Microsoft Windows NT 6.2.9200.0
x64 bit OS:      True
GME version:     16.3.23.2581
META version:    14.13.68
META install:    C:\Program Files (x86)\META\
CyPhyML version: 14.13-t8
CyPhyML GUID:    {9088E798-8A24-4B44-B98E-D5C7C1792C2F}
Python Dll:      UNKNOWN
Python Exe:      UNKNOWN
Python27 VE exe: C:\Program Files (x86)\META\bin\Python27\Scripts\python.exe
PROE ISIS Ext. : C:\Program Files\META\Proe ISIS Extensions\bin\CADCreoParametricCreateAssembly.exe
PROE ISIS ver. : CADCreoParametricCreateAssembly 1.5.4.0
Username:        ted
Currently opened paradigm information
  MetaName    : CyPhyML
  MetaVersion : 14.13-t8

2016-08-25T21:17:55 - [Debug] - === HEADER ===================================================
Date/Time:       8/25/2016 9:17:54 PM
Windows Version: Microsoft Windows NT 6.2.9200.0
x64 bit OS:      True
GME version:     16.3.23.2581
META version:    14.13.68
META install:    C:\Program Files (x86)\META\
CyPhyML version: 14.13-t8
CyPhyML GUID:    {9088E798-8A24-4B44-B98E-D5C7C1792C2F}
Python Dll:      UNKNOWN
Python Exe:      UNKNOWN
Python27 VE exe: C:\Program Files (x86)\META\bin\Python27\Scripts\python.exe
PROE ISIS Ext. : C:\Program Files\META\Proe ISIS Extensions\bin\CADCreoParametricCreateAssembly.exe
PROE ISIS ver. : CADCreoParametricCreateAssembly 1.5.4.0
Username:        ted
Currently opened paradigm information
  MetaName    : CyPhyML
  MetaVersion : 14.13-t8

2016-08-25T21:17:55 - [Debug] - Configuration : OK
2016-08-25T21:17:55 - [Info] - DC__Spacecraft_cfg2 [ParametricExploration]
2016-08-25T21:17:55 - [Debug] - Checking rules...
2016-08-25T21:17:55 - [Success] - <a href="mga:id-0065-0000b4b9">RootFolder/Testing/ParametricExploration/ExploreGeometry TemporaryFolder/DC__Spacecraft_cfg2 (not mapped)</a> : OneAndOnlyOneDriver - There should be one and only one driver.
2016-08-25T21:17:55 - [Success] - <a href="mga:id-0065-0000b4b9">RootFolder/Testing/ParametricExploration/ExploreGeometry TemporaryFolder/DC__Spacecraft_cfg2 (not mapped)</a> : UniqueTestBenchRefNames - TestBenchReferences should have unique names
2016-08-25T21:17:55 - [Success] - <a href="mga:id-0067-00009ea8">RootFolder/Testing/ParametricExploration/ExploreGeometry TemporaryFolder/DC__Spacecraft_cfg2/ExtractModelProps (not mapped)</a> : TestBenchCorrectlySetUp - Basic rules for the test-bench reference checked.
2016-08-25T21:17:55 - [Success] - <a href="mga:id-0065-0000b4ba">RootFolder/Testing/ParametricExploration/ExploreGeometry TemporaryFolder/DC__Spacecraft_cfg2/ParameterStudy (not mapped)</a> : ParameterStudySetUpCorrectly - Checks rules for a ParameterStudy
2016-08-25T21:17:55 - [Success] - <a href="mga:id-0067-00009e95">RootFolder/Testing/ParametricExploration/ExploreGeometry TemporaryFolder/DC__Spacecraft_cfg2/Distance_Between_Components (not mapped)</a> : TestBenchCorrectlySetUp - Basic rules for the test-bench reference checked.
2016-08-25T21:17:55 - [Debug] - PET check : OK
2016-08-25T21:17:55 - [Debug] - Errors: 0, Warnings: 0, Successes : 5
2016-08-25T21:17:56 - [Debug] - Interpreter successful :  : OK
2016-08-25T21:17:56 - [Debug] - Interpreter successful :  : OK
2016-08-25T21:17:57 - [Debug] - ======================================================
2016-08-25T21:17:57 - [Debug] - Start time: 8/25/2016 9:17:53 PM
2016-08-25T21:17:57 - [Debug] - Configuration = 00:00:02.3527019
2016-08-25T21:17:57 - [Debug] - PET check = 00:00:02.3622100
2016-08-25T21:17:57 - [Debug] - Interpreter successful :  = 00:00:02.9015897
2016-08-25T21:17:57 - [Debug] - Interpreter successful :  = 00:00:03.0712097
2016-08-25T21:17:57 - [Debug] - ======================================================
2016-08-25T21:17:57 - [Info] - CyPhyPET finished successfully.
2016-08-25T21:17:57 - [Info] - Generated files are here: <a href="file:///D:\Work\SatExample\CyPhy_Model\results\iznimjxg" target="_blank">D:\Work\SatExample\CyPhy_Model\results\iznimjxg</a>
2016-08-25T21:17:57 - [Debug] - [SUCCESS: True, Labels: Creo&&CADCreoParametricCreateAssembly.exev1.4&&Windows14.13]
2016-08-25T21:17:59 - [Info] - Running CyPhyPET
2016-08-25T21:18:00 - [Debug] - === HEADER ===================================================
Date/Time:       8/25/2016 9:17:59 PM
Windows Version: Microsoft Windows NT 6.2.9200.0
x64 bit OS:      True
GME version:     16.3.23.2581
META version:    14.13.68
META install:    C:\Program Files (x86)\META\
CyPhyML version: 14.13-t8
CyPhyML GUID:    {9088E798-8A24-4B44-B98E-D5C7C1792C2F}
Python Dll:      UNKNOWN
Python Exe:      UNKNOWN
Python27 VE exe: C:\Program Files (x86)\META\bin\Python27\Scripts\python.exe
PROE ISIS Ext. : C:\Program Files\META\Proe ISIS Extensions\bin\CADCreoParametricCreateAssembly.exe
PROE ISIS ver. : CADCreoParametricCreateAssembly 1.5.4.0
Username:        ted
Currently opened paradigm information
  MetaName    : CyPhyML
  MetaVersion : 14.13-t8

2016-08-25T21:18:01 - [Debug] - === HEADER ===================================================
Date/Time:       8/25/2016 9:18:00 PM
Windows Version: Microsoft Windows NT 6.2.9200.0
x64 bit OS:      True
GME version:     16.3.23.2581
META version:    14.13.68
META install:    C:\Program Files (x86)\META\
CyPhyML version: 14.13-t8
CyPhyML GUID:    {9088E798-8A24-4B44-B98E-D5C7C1792C2F}
Python Dll:      UNKNOWN
Python Exe:      UNKNOWN
Python27 VE exe: C:\Program Files (x86)\META\bin\Python27\Scripts\python.exe
PROE ISIS Ext. : C:\Program Files\META\Proe ISIS Extensions\bin\CADCreoParametricCreateAssembly.exe
PROE ISIS ver. : CADCreoParametricCreateAssembly 1.5.4.0
Username:        ted
Currently opened paradigm information
  MetaName    : CyPhyML
  MetaVersion : 14.13-t8

2016-08-25T21:18:01 - [Debug] - Configuration : OK
2016-08-25T21:18:01 - [Info] - DC__Spacecraft_cfg3 [ParametricExploration]
2016-08-25T21:18:01 - [Debug] - Checking rules...
2016-08-25T21:18:01 - [Success] - <a href="mga:id-0065-0000b57e">RootFolder/Testing/ParametricExploration/ExploreGeometry TemporaryFolder/DC__Spacecraft_cfg3 (not mapped)</a> : OneAndOnlyOneDriver - There should be one and only one driver.
2016-08-25T21:18:01 - [Success] - <a href="mga:id-0065-0000b57e">RootFolder/Testing/ParametricExploration/ExploreGeometry TemporaryFolder/DC__Spacecraft_cfg3 (not mapped)</a> : UniqueTestBenchRefNames - TestBenchReferences should have unique names
2016-08-25T21:18:01 - [Success] - <a href="mga:id-0067-00009f59">RootFolder/Testing/ParametricExploration/ExploreGeometry TemporaryFolder/DC__Spacecraft_cfg3/ExtractModelProps (not mapped)</a> : TestBenchCorrectlySetUp - Basic rules for the test-bench reference checked.
2016-08-25T21:18:01 - [Success] - <a href="mga:id-0065-0000b57f">RootFolder/Testing/ParametricExploration/ExploreGeometry TemporaryFolder/DC__Spacecraft_cfg3/ParameterStudy (not mapped)</a> : ParameterStudySetUpCorrectly - Checks rules for a ParameterStudy
2016-08-25T21:18:01 - [Success] - <a href="mga:id-0067-00009f46">RootFolder/Testing/ParametricExploration/ExploreGeometry TemporaryFolder/DC__Spacecraft_cfg3/Distance_Between_Components (not mapped)</a> : TestBenchCorrectlySetUp - Basic rules for the test-bench reference checked.
2016-08-25T21:18:01 - [Debug] - PET check : OK
2016-08-25T21:18:01 - [Debug] - Errors: 0, Warnings: 0, Successes : 5
2016-08-25T21:18:02 - [Debug] - Interpreter successful :  : OK
2016-08-25T21:18:02 - [Debug] - Interpreter successful :  : OK
2016-08-25T21:18:03 - [Debug] - ======================================================
2016-08-25T21:18:03 - [Debug] - Start time: 8/25/2016 9:17:59 PM
2016-08-25T21:18:03 - [Debug] - Configuration = 00:00:02.0074253
2016-08-25T21:18:03 - [Debug] - PET check = 00:00:02.0159315
2016-08-25T21:18:03 - [Debug] - Interpreter successful :  = 00:00:02.5748264
2016-08-25T21:18:03 - [Debug] - Interpreter successful :  = 00:00:02.7429447
2016-08-25T21:18:03 - [Debug] - ======================================================
2016-08-25T21:18:03 - [Info] - CyPhyPET finished successfully.
2016-08-25T21:18:03 - [Info] - Generated files are here: <a href="file:///D:\Work\SatExample\CyPhy_Model\results\l4lxdhpv" target="_blank">D:\Work\SatExample\CyPhy_Model\results\l4lxdhpv</a>
2016-08-25T21:18:03 - [Debug] - [SUCCESS: True, Labels: Creo&&CADCreoParametricCreateAssembly.exev1.4&&Windows14.13]
2016-08-25T21:31:24 - [Info] - Running CyPhyPET
2016-08-25T21:31:25 - [Debug] - === HEADER ===================================================
Date/Time:       8/25/2016 9:31:24 PM
Windows Version: Microsoft Windows NT 6.2.9200.0
x64 bit OS:      True
GME version:     16.3.23.2581
META version:    14.13.68
META install:    C:\Program Files (x86)\META\
CyPhyML version: 14.13-t8
CyPhyML GUID:    {9088E798-8A24-4B44-B98E-D5C7C1792C2F}
Python Dll:      UNKNOWN
Python Exe:      UNKNOWN
Python27 VE exe: C:\Program Files (x86)\META\bin\Python27\Scripts\python.exe
PROE ISIS Ext. : C:\Program Files\META\Proe ISIS Extensions\bin\CADCreoParametricCreateAssembly.exe
PROE ISIS ver. : CADCreoParametricCreateAssembly 1.5.4.0
Username:        ted
Currently opened paradigm information
  MetaName    : CyPhyML
  MetaVersion : 14.13-t8

2016-08-25T21:31:26 - [Debug] - === HEADER ===================================================
Date/Time:       8/25/2016 9:31:25 PM
Windows Version: Microsoft Windows NT 6.2.9200.0
x64 bit OS:      True
GME version:     16.3.23.2581
META version:    14.13.68
META install:    C:\Program Files (x86)\META\
CyPhyML version: 14.13-t8
CyPhyML GUID:    {9088E798-8A24-4B44-B98E-D5C7C1792C2F}
Python Dll:      UNKNOWN
Python Exe:      UNKNOWN
Python27 VE exe: C:\Program Files (x86)\META\bin\Python27\Scripts\python.exe
PROE ISIS Ext. : C:\Program Files\META\Proe ISIS Extensions\bin\CADCreoParametricCreateAssembly.exe
PROE ISIS ver. : CADCreoParametricCreateAssembly 1.5.4.0
Username:        ted
Currently opened paradigm information
  MetaName    : CyPhyML
  MetaVersion : 14.13-t8

2016-08-25T21:31:26 - [Debug] - Configuration : OK
2016-08-25T21:31:26 - [Info] - DC__Spacecraft_cfg1 [ParametricExploration]
2016-08-25T21:31:26 - [Debug] - Checking rules...
2016-08-25T21:31:26 - [Success] - <a href="mga:id-0065-0000b645">RootFolder/Testing/ParametricExploration/ExploreGeoAndPerf TemporaryFolder/DC__Spacecraft_cfg1 (not mapped)</a> : OneAndOnlyOneDriver - There should be one and only one driver.
2016-08-25T21:31:26 - [Success] - <a href="mga:id-0065-0000b645">RootFolder/Testing/ParametricExploration/ExploreGeoAndPerf TemporaryFolder/DC__Spacecraft_cfg1 (not mapped)</a> : UniqueTestBenchRefNames - TestBenchReferences should have unique names
2016-08-25T21:31:26 - [Success] - <a href="mga:id-0065-0000b646">RootFolder/Testing/ParametricExploration/ExploreGeoAndPerf TemporaryFolder/DC__Spacecraft_cfg1/FullParameterStudy (not mapped)</a> : ParameterStudySetUpCorrectly - Checks rules for a ParameterStudy
2016-08-25T21:31:26 - [Success] - <a href="mga:id-0067-00009ff9">RootFolder/Testing/ParametricExploration/ExploreGeoAndPerf TemporaryFolder/DC__Spacecraft_cfg1/RotationalElectricalDynamics (not mapped)</a> : TestBenchCorrectlySetUp - Basic rules for the test-bench reference checked.
2016-08-25T21:31:26 - [Success] - <a href="mga:id-0067-00009ff8">RootFolder/Testing/ParametricExploration/ExploreGeoAndPerf TemporaryFolder/DC__Spacecraft_cfg1/GeometricAnalysis (not mapped)</a> : TestBenchCorrectlySetUp - Basic rules for the test-bench reference checked.
2016-08-25T21:31:26 - [Success] - <a href="mga:id-0067-00009ff7">RootFolder/Testing/ParametricExploration/ExploreGeoAndPerf TemporaryFolder/DC__Spacecraft_cfg1/ConvertAndExtractParams (not mapped)</a> : TestBenchCorrectlySetUp - Basic rules for the test-bench reference checked.
2016-08-25T21:31:26 - [Debug] - PET check : OK
2016-08-25T21:31:26 - [Debug] - Errors: 0, Warnings: 0, Successes : 6
2016-08-25T21:31:26 - [Debug] - Interpreter successful :  : OK
2016-08-25T21:31:27 - [Debug] - Interpreter successful :  : OK
2016-08-25T21:31:29 - [Debug] - Interpreter successful :  : OK
2016-08-25T21:31:29 - [Debug] - ======================================================
2016-08-25T21:31:29 - [Debug] - Start time: 8/25/2016 9:31:09 PM
2016-08-25T21:31:29 - [Debug] - Configuration = 00:00:16.5416298
2016-08-25T21:31:29 - [Debug] - PET check = 00:00:16.5531377
2016-08-25T21:31:29 - [Debug] - Interpreter successful :  = 00:00:16.8798682
2016-08-25T21:31:29 - [Debug] - Interpreter successful :  = 00:00:17.4902993
2016-08-25T21:31:29 - [Debug] - Interpreter successful :  = 00:00:19.2830650
2016-08-25T21:31:29 - [Debug] - ======================================================
2016-08-25T21:31:29 - [Info] - CyPhyPET finished successfully.
2016-08-25T21:31:29 - [Info] - Generated files are here: <a href="file:///D:\Work\SatExample\CyPhy_Model\results\yhm2zbfo" target="_blank">D:\Work\SatExample\CyPhy_Model\results\yhm2zbfo</a>
2016-08-25T21:31:29 - [Debug] - [SUCCESS: True, Labels: Creo&&CADCreoParametricCreateAssembly.exev1.4&&Windows14.13 && OpenModelica__latest_ && py_modelica14.13]
2016-08-25T21:31:32 - [Info] - Running CyPhyPET
2016-08-25T21:31:33 - [Debug] - === HEADER ===================================================
Date/Time:       8/25/2016 9:31:32 PM
Windows Version: Microsoft Windows NT 6.2.9200.0
x64 bit OS:      True
GME version:     16.3.23.2581
META version:    14.13.68
META install:    C:\Program Files (x86)\META\
CyPhyML version: 14.13-t8
CyPhyML GUID:    {9088E798-8A24-4B44-B98E-D5C7C1792C2F}
Python Dll:      UNKNOWN
Python Exe:      UNKNOWN
Python27 VE exe: C:\Program Files (x86)\META\bin\Python27\Scripts\python.exe
PROE ISIS Ext. : C:\Program Files\META\Proe ISIS Extensions\bin\CADCreoParametricCreateAssembly.exe
PROE ISIS ver. : CADCreoParametricCreateAssembly 1.5.4.0
Username:        ted
Currently opened paradigm information
  MetaName    : CyPhyML
  MetaVersion : 14.13-t8

2016-08-25T21:31:34 - [Debug] - === HEADER ===================================================
Date/Time:       8/25/2016 9:31:33 PM
Windows Version: Microsoft Windows NT 6.2.9200.0
x64 bit OS:      True
GME version:     16.3.23.2581
META version:    14.13.68
META install:    C:\Program Files (x86)\META\
CyPhyML version: 14.13-t8
CyPhyML GUID:    {9088E798-8A24-4B44-B98E-D5C7C1792C2F}
Python Dll:      UNKNOWN
Python Exe:      UNKNOWN
Python27 VE exe: C:\Program Files (x86)\META\bin\Python27\Scripts\python.exe
PROE ISIS Ext. : C:\Program Files\META\Proe ISIS Extensions\bin\CADCreoParametricCreateAssembly.exe
PROE ISIS ver. : CADCreoParametricCreateAssembly 1.5.4.0
Username:        ted
Currently opened paradigm information
  MetaName    : CyPhyML
  MetaVersion : 14.13-t8

2016-08-25T21:31:34 - [Debug] - Configuration : OK
2016-08-25T21:31:34 - [Info] - DC__Spacecraft_cfg2 [ParametricExploration]
2016-08-25T21:31:34 - [Debug] - Checking rules...
2016-08-25T21:31:34 - [Success] - <a href="mga:id-0065-0000b7cb">RootFolder/Testing/ParametricExploration/ExploreGeoAndPerf TemporaryFolder/DC__Spacecraft_cfg2 (not mapped)</a> : OneAndOnlyOneDriver - There should be one and only one driver.
2016-08-25T21:31:34 - [Success] - <a href="mga:id-0065-0000b7cb">RootFolder/Testing/ParametricExploration/ExploreGeoAndPerf TemporaryFolder/DC__Spacecraft_cfg2 (not mapped)</a> : UniqueTestBenchRefNames - TestBenchReferences should have unique names
2016-08-25T21:31:34 - [Success] - <a href="mga:id-0065-0000b7cc">RootFolder/Testing/ParametricExploration/ExploreGeoAndPerf TemporaryFolder/DC__Spacecraft_cfg2/FullParameterStudy (not mapped)</a> : ParameterStudySetUpCorrectly - Checks rules for a ParameterStudy
2016-08-25T21:31:34 - [Success] - <a href="mga:id-0067-0000a136">RootFolder/Testing/ParametricExploration/ExploreGeoAndPerf TemporaryFolder/DC__Spacecraft_cfg2/RotationalElectricalDynamics (not mapped)</a> : TestBenchCorrectlySetUp - Basic rules for the test-bench reference checked.
2016-08-25T21:31:34 - [Success] - <a href="mga:id-0067-0000a135">RootFolder/Testing/ParametricExploration/ExploreGeoAndPerf TemporaryFolder/DC__Spacecraft_cfg2/GeometricAnalysis (not mapped)</a> : TestBenchCorrectlySetUp - Basic rules for the test-bench reference checked.
2016-08-25T21:31:34 - [Success] - <a href="mga:id-0067-0000a134">RootFolder/Testing/ParametricExploration/ExploreGeoAndPerf TemporaryFolder/DC__Spacecraft_cfg2/ConvertAndExtractParams (not mapped)</a> : TestBenchCorrectlySetUp - Basic rules for the test-bench reference checked.
2016-08-25T21:31:34 - [Debug] - PET check : OK
2016-08-25T21:31:34 - [Debug] - Errors: 0, Warnings: 0, Successes : 6
2016-08-25T21:31:35 - [Debug] - Interpreter successful :  : OK
2016-08-25T21:31:35 - [Debug] - Interpreter successful :  : OK
2016-08-25T21:31:38 - [Debug] - Interpreter successful :  : OK
2016-08-25T21:31:39 - [Debug] - ======================================================
2016-08-25T21:31:39 - [Debug] - Start time: 8/25/2016 9:31:32 PM
2016-08-25T21:31:39 - [Debug] - Configuration = 00:00:02.0422571
2016-08-25T21:31:39 - [Debug] - PET check = 00:00:02.0735072
2016-08-25T21:31:39 - [Debug] - Interpreter successful :  = 00:00:02.3903562
2016-08-25T21:31:39 - [Debug] - Interpreter successful :  = 00:00:03.1756696
2016-08-25T21:31:39 - [Debug] - Interpreter successful :  = 00:00:05.7848513
2016-08-25T21:31:39 - [Debug] - ======================================================
2016-08-25T21:31:39 - [Info] - CyPhyPET finished successfully.
2016-08-25T21:31:39 - [Info] - Generated files are here: <a href="file:///D:\Work\SatExample\CyPhy_Model\results\mhnkzcj4" target="_blank">D:\Work\SatExample\CyPhy_Model\results\mhnkzcj4</a>
2016-08-25T21:31:39 - [Debug] - [SUCCESS: True, Labels: Creo&&CADCreoParametricCreateAssembly.exev1.4&&Windows14.13 && OpenModelica__latest_ && py_modelica14.13]
2016-08-25T21:31:42 - [Info] - Running CyPhyPET
2016-08-25T21:31:43 - [Debug] - === HEADER ===================================================
Date/Time:       8/25/2016 9:31:42 PM
Windows Version: Microsoft Windows NT 6.2.9200.0
x64 bit OS:      True
GME version:     16.3.23.2581
META version:    14.13.68
META install:    C:\Program Files (x86)\META\
CyPhyML version: 14.13-t8
CyPhyML GUID:    {9088E798-8A24-4B44-B98E-D5C7C1792C2F}
Python Dll:      UNKNOWN
Python Exe:      UNKNOWN
Python27 VE exe: C:\Program Files (x86)\META\bin\Python27\Scripts\python.exe
PROE ISIS Ext. : C:\Program Files\META\Proe ISIS Extensions\bin\CADCreoParametricCreateAssembly.exe
PROE ISIS ver. : CADCreoParametricCreateAssembly 1.5.4.0
Username:        ted
Currently opened paradigm information
  MetaName    : CyPhyML
  MetaVersion : 14.13-t8

2016-08-25T21:31:43 - [Debug] - === HEADER ===================================================
Date/Time:       8/25/2016 9:31:43 PM
Windows Version: Microsoft Windows NT 6.2.9200.0
x64 bit OS:      True
GME version:     16.3.23.2581
META version:    14.13.68
META install:    C:\Program Files (x86)\META\
CyPhyML version: 14.13-t8
CyPhyML GUID:    {9088E798-8A24-4B44-B98E-D5C7C1792C2F}
Python Dll:      UNKNOWN
Python Exe:      UNKNOWN
Python27 VE exe: C:\Program Files (x86)\META\bin\Python27\Scripts\python.exe
PROE ISIS Ext. : C:\Program Files\META\Proe ISIS Extensions\bin\CADCreoParametricCreateAssembly.exe
PROE ISIS ver. : CADCreoParametricCreateAssembly 1.5.4.0
Username:        ted
Currently opened paradigm information
  MetaName    : CyPhyML
  MetaVersion : 14.13-t8

2016-08-25T21:31:43 - [Debug] - Configuration : OK
2016-08-25T21:31:43 - [Info] - DC__Spacecraft_cfg3 [ParametricExploration]
2016-08-25T21:31:43 - [Debug] - Checking rules...
2016-08-25T21:31:43 - [Success] - <a href="mga:id-0065-0000b951">RootFolder/Testing/ParametricExploration/ExploreGeoAndPerf TemporaryFolder/DC__Spacecraft_cfg3 (not mapped)</a> : OneAndOnlyOneDriver - There should be one and only one driver.
2016-08-25T21:31:43 - [Success] - <a href="mga:id-0065-0000b951">RootFolder/Testing/ParametricExploration/ExploreGeoAndPerf TemporaryFolder/DC__Spacecraft_cfg3 (not mapped)</a> : UniqueTestBenchRefNames - TestBenchReferences should have unique names
2016-08-25T21:31:43 - [Success] - <a href="mga:id-0065-0000b952">RootFolder/Testing/ParametricExploration/ExploreGeoAndPerf TemporaryFolder/DC__Spacecraft_cfg3/FullParameterStudy (not mapped)</a> : ParameterStudySetUpCorrectly - Checks rules for a ParameterStudy
2016-08-25T21:31:43 - [Success] - <a href="mga:id-0067-0000a273">RootFolder/Testing/ParametricExploration/ExploreGeoAndPerf TemporaryFolder/DC__Spacecraft_cfg3/RotationalElectricalDynamics (not mapped)</a> : TestBenchCorrectlySetUp - Basic rules for the test-bench reference checked.
2016-08-25T21:31:43 - [Success] - <a href="mga:id-0067-0000a272">RootFolder/Testing/ParametricExploration/ExploreGeoAndPerf TemporaryFolder/DC__Spacecraft_cfg3/GeometricAnalysis (not mapped)</a> : TestBenchCorrectlySetUp - Basic rules for the test-bench reference checked.
2016-08-25T21:31:43 - [Success] - <a href="mga:id-0067-0000a271">RootFolder/Testing/ParametricExploration/ExploreGeoAndPerf TemporaryFolder/DC__Spacecraft_cfg3/ConvertAndExtractParams (not mapped)</a> : TestBenchCorrectlySetUp - Basic rules for the test-bench reference checked.
2016-08-25T21:31:43 - [Debug] - PET check : OK
2016-08-25T21:31:43 - [Debug] - Errors: 0, Warnings: 0, Successes : 6
2016-08-25T21:31:44 - [Debug] - Interpreter successful :  : OK
2016-08-25T21:31:44 - [Debug] - Interpreter successful :  : OK
2016-08-25T21:31:46 - [Debug] - Interpreter successful :  : OK
2016-08-25T21:31:46 - [Debug] - ======================================================
2016-08-25T21:31:46 - [Debug] - Start time: 8/25/2016 9:31:42 PM
2016-08-25T21:31:46 - [Debug] - Configuration = 00:00:01.5237343
2016-08-25T21:31:46 - [Debug] - PET check = 00:00:01.5393603
2016-08-25T21:31:46 - [Debug] - Interpreter successful :  = 00:00:01.7428121
2016-08-25T21:31:46 - [Debug] - Interpreter successful :  = 00:00:02.2486813
2016-08-25T21:31:46 - [Debug] - Interpreter successful :  = 00:00:03.9108554
2016-08-25T21:31:46 - [Debug] - ======================================================
2016-08-25T21:31:46 - [Info] - CyPhyPET finished successfully.
2016-08-25T21:31:46 - [Info] - Generated files are here: <a href="file:///D:\Work\SatExample\CyPhy_Model\results\a1w1y2ht" target="_blank">D:\Work\SatExample\CyPhy_Model\results\a1w1y2ht</a>
2016-08-25T21:31:46 - [Debug] - [SUCCESS: True, Labels: Creo&&CADCreoParametricCreateAssembly.exev1.4&&Windows14.13 && OpenModelica__latest_ && py_modelica14.13]
